{"/Users/vinhtran/Desktop/junior/fall/SWE/f23-adventurista/frontend/App.js": {"path":"/Users/vinhtran/Desktop/junior/fall/SWE/f23-adventurista/frontend/App.js","statementMap":{"0":{"start":{"line":12,"column":0},"end":{"line":12,"column":282}},"1":{"start":{"line":15,"column":2},"end":{"line":21,"column":4}},"2":{"start":{"line":24,"column":15},"end":{"line":29,"column":2}}},"fnMap":{"0":{"name":"App","decl":{"start":{"line":14,"column":24},"end":{"line":14,"column":27}},"loc":{"start":{"line":14,"column":30},"end":{"line":22,"column":1}},"line":14}},"branchMap":{},"s":{"0":0,"1":0,"2":0},"f":{"0":0},"b":{}}
,"/Users/vinhtran/Desktop/junior/fall/SWE/f23-adventurista/frontend/Navigators/AuthenticationNavigator.js": {"path":"/Users/vinhtran/Desktop/junior/fall/SWE/f23-adventurista/frontend/Navigators/AuthenticationNavigator.js","statementMap":{"0":{"start":{"line":9,"column":14},"end":{"line":9,"column":36}},"1":{"start":{"line":11,"column":16},"end":{"line":37,"column":1}},"2":{"start":{"line":12,"column":4},"end":{"line":36,"column":6}},"3":{"start":{"line":40,"column":4},"end":{"line":40,"column":23}}},"fnMap":{"0":{"name":"(anonymous_0)","decl":{"start":{"line":11,"column":16},"end":{"line":11,"column":17}},"loc":{"start":{"line":11,"column":22},"end":{"line":37,"column":1}},"line":11},"1":{"name":"AuthenticationNavigator","decl":{"start":{"line":39,"column":24},"end":{"line":39,"column":47}},"loc":{"start":{"line":39,"column":50},"end":{"line":41,"column":1}},"line":39}},"branchMap":{},"s":{"0":2,"1":2,"2":2,"3":2},"f":{"0":2,"1":2},"b":{},"_coverageSchema":"1a1c01bbd47fc00a2c39e90264f33305004495a9","hash":"f502d0b8eb683f91e20490c63b9b47712a2c3e9c"}
,"/Users/vinhtran/Desktop/junior/fall/SWE/f23-adventurista/frontend/Navigators/CalendarNavigator.js": {"path":"/Users/vinhtran/Desktop/junior/fall/SWE/f23-adventurista/frontend/Navigators/CalendarNavigator.js","statementMap":{"0":{"start":{"line":8,"column":14},"end":{"line":8,"column":36}},"1":{"start":{"line":10,"column":16},"end":{"line":36,"column":1}},"2":{"start":{"line":11,"column":4},"end":{"line":35,"column":5}},"3":{"start":{"line":39,"column":4},"end":{"line":39,"column":23}}},"fnMap":{"0":{"name":"(anonymous_0)","decl":{"start":{"line":10,"column":16},"end":{"line":10,"column":17}},"loc":{"start":{"line":10,"column":22},"end":{"line":36,"column":1}},"line":10},"1":{"name":"CalendarNavigator","decl":{"start":{"line":38,"column":24},"end":{"line":38,"column":41}},"loc":{"start":{"line":38,"column":44},"end":{"line":40,"column":1}},"line":38}},"branchMap":{},"s":{"0":1,"1":1,"2":2,"3":2},"f":{"0":2,"1":2},"b":{},"_coverageSchema":"1a1c01bbd47fc00a2c39e90264f33305004495a9","hash":"cf03ee62ba54b418bae325d0d082a653f4660922"}
,"/Users/vinhtran/Desktop/junior/fall/SWE/f23-adventurista/frontend/Navigators/FeedNavigator.js": {"path":"/Users/vinhtran/Desktop/junior/fall/SWE/f23-adventurista/frontend/Navigators/FeedNavigator.js","statementMap":{"0":{"start":{"line":10,"column":14},"end":{"line":10,"column":36}},"1":{"start":{"line":12,"column":16},"end":{"line":52,"column":1}},"2":{"start":{"line":13,"column":4},"end":{"line":51,"column":5}},"3":{"start":{"line":55,"column":4},"end":{"line":55,"column":23}}},"fnMap":{"0":{"name":"(anonymous_0)","decl":{"start":{"line":12,"column":16},"end":{"line":12,"column":17}},"loc":{"start":{"line":12,"column":22},"end":{"line":52,"column":1}},"line":12},"1":{"name":"FeedNavigator","decl":{"start":{"line":54,"column":24},"end":{"line":54,"column":37}},"loc":{"start":{"line":54,"column":40},"end":{"line":56,"column":1}},"line":54}},"branchMap":{},"s":{"0":1,"1":1,"2":3,"3":3},"f":{"0":3,"1":3},"b":{},"_coverageSchema":"1a1c01bbd47fc00a2c39e90264f33305004495a9","hash":"be00018bcb1a798783b77c559681f050d42c3160"}
,"/Users/vinhtran/Desktop/junior/fall/SWE/f23-adventurista/frontend/Navigators/MainNavigator.js": {"path":"/Users/vinhtran/Desktop/junior/fall/SWE/f23-adventurista/frontend/Navigators/MainNavigator.js","statementMap":{"0":{"start":{"line":17,"column":12},"end":{"line":17,"column":38}},"1":{"start":{"line":19,"column":22},"end":{"line":111,"column":1}},"2":{"start":{"line":21,"column":23},"end":{"line":21,"column":52}},"3":{"start":{"line":22,"column":17},"end":{"line":22,"column":44}},"4":{"start":{"line":23,"column":21},"end":{"line":23,"column":34}},"5":{"start":{"line":25,"column":23},"end":{"line":42,"column":5}},"6":{"start":{"line":27,"column":6},"end":{"line":41,"column":7}},"7":{"start":{"line":28,"column":8},"end":{"line":30,"column":10}},"8":{"start":{"line":32,"column":11},"end":{"line":41,"column":7}},"9":{"start":{"line":33,"column":8},"end":{"line":35,"column":10}},"10":{"start":{"line":38,"column":8},"end":{"line":40,"column":10}},"11":{"start":{"line":44,"column":4},"end":{"line":110,"column":5}},"12":{"start":{"line":45,"column":8},"end":{"line":107,"column":10}},"13":{"start":{"line":60,"column":22},"end":{"line":60,"column":64}},"14":{"start":{"line":70,"column":22},"end":{"line":70,"column":67}},"15":{"start":{"line":81,"column":22},"end":{"line":81,"column":36}},"16":{"start":{"line":91,"column":22},"end":{"line":91,"column":67}},"17":{"start":{"line":101,"column":22},"end":{"line":101,"column":63}},"18":{"start":{"line":109,"column":8},"end":{"line":109,"column":43}}},"fnMap":{"0":{"name":"(anonymous_0)","decl":{"start":{"line":19,"column":22},"end":{"line":19,"column":23}},"loc":{"start":{"line":19,"column":28},"end":{"line":111,"column":1}},"line":19},"1":{"name":"(anonymous_1)","decl":{"start":{"line":25,"column":23},"end":{"line":25,"column":24}},"loc":{"start":{"line":25,"column":29},"end":{"line":42,"column":5}},"line":25},"2":{"name":"(anonymous_2)","decl":{"start":{"line":59,"column":32},"end":{"line":59,"column":33}},"loc":{"start":{"line":60,"column":22},"end":{"line":60,"column":64}},"line":60},"3":{"name":"(anonymous_3)","decl":{"start":{"line":69,"column":32},"end":{"line":69,"column":33}},"loc":{"start":{"line":70,"column":22},"end":{"line":70,"column":67}},"line":70},"4":{"name":"(anonymous_4)","decl":{"start":{"line":79,"column":32},"end":{"line":79,"column":33}},"loc":{"start":{"line":81,"column":22},"end":{"line":81,"column":36}},"line":81},"5":{"name":"(anonymous_5)","decl":{"start":{"line":90,"column":32},"end":{"line":90,"column":33}},"loc":{"start":{"line":91,"column":22},"end":{"line":91,"column":67}},"line":91},"6":{"name":"(anonymous_6)","decl":{"start":{"line":100,"column":32},"end":{"line":100,"column":33}},"loc":{"start":{"line":101,"column":22},"end":{"line":101,"column":63}},"line":101}},"branchMap":{"0":{"loc":{"start":{"line":27,"column":6},"end":{"line":41,"column":7}},"type":"if","locations":[{"start":{"line":27,"column":6},"end":{"line":41,"column":7}},{"start":{"line":32,"column":11},"end":{"line":41,"column":7}}],"line":27},"1":{"loc":{"start":{"line":32,"column":11},"end":{"line":41,"column":7}},"type":"if","locations":[{"start":{"line":32,"column":11},"end":{"line":41,"column":7}},{"start":{"line":37,"column":11},"end":{"line":41,"column":7}}],"line":32},"2":{"loc":{"start":{"line":44,"column":4},"end":{"line":110,"column":5}},"type":"if","locations":[{"start":{"line":44,"column":4},"end":{"line":110,"column":5}},{"start":{"line":108,"column":11},"end":{"line":110,"column":5}}],"line":44}},"s":{"0":1,"1":1,"2":1,"3":1,"4":1,"5":1,"6":0,"7":0,"8":0,"9":0,"10":0,"11":1,"12":1,"13":0,"14":0,"15":0,"16":0,"17":0,"18":0},"f":{"0":1,"1":0,"2":0,"3":0,"4":0,"5":0,"6":0},"b":{"0":[0,0],"1":[0,0],"2":[1,0]},"_coverageSchema":"1a1c01bbd47fc00a2c39e90264f33305004495a9","hash":"765b1da0b6bfd43db0abb2377271b91e13ff61e7"}
,"/Users/vinhtran/Desktop/junior/fall/SWE/f23-adventurista/frontend/Navigators/PostNavigator.js": {"path":"/Users/vinhtran/Desktop/junior/fall/SWE/f23-adventurista/frontend/Navigators/PostNavigator.js","statementMap":{"0":{"start":{"line":6,"column":14},"end":{"line":6,"column":36}},"1":{"start":{"line":8,"column":16},"end":{"line":20,"column":1}},"2":{"start":{"line":9,"column":4},"end":{"line":19,"column":5}},"3":{"start":{"line":23,"column":4},"end":{"line":23,"column":23}}},"fnMap":{"0":{"name":"(anonymous_0)","decl":{"start":{"line":8,"column":16},"end":{"line":8,"column":17}},"loc":{"start":{"line":8,"column":22},"end":{"line":20,"column":1}},"line":8},"1":{"name":"PostNavigator","decl":{"start":{"line":22,"column":24},"end":{"line":22,"column":37}},"loc":{"start":{"line":22,"column":40},"end":{"line":24,"column":1}},"line":22}},"branchMap":{},"s":{"0":1,"1":1,"2":2,"3":2},"f":{"0":2,"1":2},"b":{},"_coverageSchema":"1a1c01bbd47fc00a2c39e90264f33305004495a9","hash":"5595f658c31648162f1c306cd4cf40b2786db8de"}
,"/Users/vinhtran/Desktop/junior/fall/SWE/f23-adventurista/frontend/Navigators/ProfileNavigator.js": {"path":"/Users/vinhtran/Desktop/junior/fall/SWE/f23-adventurista/frontend/Navigators/ProfileNavigator.js","statementMap":{"0":{"start":{"line":10,"column":14},"end":{"line":10,"column":36}},"1":{"start":{"line":12,"column":16},"end":{"line":52,"column":1}},"2":{"start":{"line":13,"column":4},"end":{"line":51,"column":5}},"3":{"start":{"line":55,"column":4},"end":{"line":55,"column":23}}},"fnMap":{"0":{"name":"(anonymous_0)","decl":{"start":{"line":12,"column":16},"end":{"line":12,"column":17}},"loc":{"start":{"line":12,"column":22},"end":{"line":52,"column":1}},"line":12},"1":{"name":"ProfileNavigator","decl":{"start":{"line":54,"column":24},"end":{"line":54,"column":40}},"loc":{"start":{"line":54,"column":43},"end":{"line":56,"column":1}},"line":54}},"branchMap":{},"s":{"0":1,"1":1,"2":2,"3":2},"f":{"0":2,"1":2},"b":{},"_coverageSchema":"1a1c01bbd47fc00a2c39e90264f33305004495a9","hash":"a3c6f42f70528f8ced37c5e20331153daaf3cea7"}
,"/Users/vinhtran/Desktop/junior/fall/SWE/f23-adventurista/frontend/Navigators/SavedEventsNavigator.js": {"path":"/Users/vinhtran/Desktop/junior/fall/SWE/f23-adventurista/frontend/Navigators/SavedEventsNavigator.js","statementMap":{"0":{"start":{"line":9,"column":14},"end":{"line":9,"column":36}},"1":{"start":{"line":11,"column":16},"end":{"line":44,"column":1}},"2":{"start":{"line":12,"column":4},"end":{"line":43,"column":5}},"3":{"start":{"line":47,"column":4},"end":{"line":47,"column":23}}},"fnMap":{"0":{"name":"(anonymous_0)","decl":{"start":{"line":11,"column":16},"end":{"line":11,"column":17}},"loc":{"start":{"line":11,"column":22},"end":{"line":44,"column":1}},"line":11},"1":{"name":"SavedEventsNavigator","decl":{"start":{"line":46,"column":24},"end":{"line":46,"column":44}},"loc":{"start":{"line":46,"column":47},"end":{"line":48,"column":1}},"line":46}},"branchMap":{},"s":{"0":1,"1":1,"2":2,"3":2},"f":{"0":2,"1":2},"b":{},"_coverageSchema":"1a1c01bbd47fc00a2c39e90264f33305004495a9","hash":"f5e91ca0e807abe4305f98bd52373dd8923493e4"}
,"/Users/vinhtran/Desktop/junior/fall/SWE/f23-adventurista/frontend/Redux/constants.js": {"path":"/Users/vinhtran/Desktop/junior/fall/SWE/f23-adventurista/frontend/Redux/constants.js","statementMap":{"0":{"start":{"line":1,"column":29},"end":{"line":1,"column":44}},"1":{"start":{"line":2,"column":26},"end":{"line":2,"column":38}},"2":{"start":{"line":3,"column":28},"end":{"line":3,"column":42}}},"fnMap":{},"branchMap":{},"s":{"0":23,"1":23,"2":23},"f":{},"b":{},"_coverageSchema":"1a1c01bbd47fc00a2c39e90264f33305004495a9","hash":"c4ecbcef169ba6f2b44a43d8f069c39c673f52da"}
,"/Users/vinhtran/Desktop/junior/fall/SWE/f23-adventurista/frontend/Redux/store.js": {"path":"/Users/vinhtran/Desktop/junior/fall/SWE/f23-adventurista/frontend/Redux/store.js","statementMap":{"0":{"start":{"line":5,"column":17},"end":{"line":7,"column":2}},"1":{"start":{"line":9,"column":14},"end":{"line":9,"column":59}}},"fnMap":{},"branchMap":{},"s":{"0":0,"1":0},"f":{},"b":{}}
,"/Users/vinhtran/Desktop/junior/fall/SWE/f23-adventurista/frontend/Redux/userSlice.js": {"path":"/Users/vinhtran/Desktop/junior/fall/SWE/f23-adventurista/frontend/Redux/userSlice.js","statementMap":{"0":{"start":{"line":4,"column":27},"end":{"line":9,"column":1}},"1":{"start":{"line":5,"column":4},"end":{"line":8,"column":5}},"2":{"start":{"line":11,"column":26},"end":{"line":16,"column":1}},"3":{"start":{"line":12,"column":4},"end":{"line":15,"column":5}},"4":{"start":{"line":18,"column":25},"end":{"line":22,"column":1}},"5":{"start":{"line":19,"column":4},"end":{"line":21,"column":5}},"6":{"start":{"line":25,"column":21},"end":{"line":47,"column":1}},"7":{"start":{"line":49,"column":27},"end":{"line":86,"column":1}},"8":{"start":{"line":50,"column":4},"end":{"line":84,"column":5}},"9":{"start":{"line":52,"column":12},"end":{"line":74,"column":13}},"10":{"start":{"line":77,"column":12},"end":{"line":77,"column":40}},"11":{"start":{"line":80,"column":12},"end":{"line":83,"column":13}},"12":{"start":{"line":85,"column":4},"end":{"line":85,"column":17}},"13":{"start":{"line":90,"column":32},"end":{"line":90,"column":86}},"14":{"start":{"line":90,"column":43},"end":{"line":90,"column":86}},"15":{"start":{"line":91,"column":30},"end":{"line":91,"column":55}},"16":{"start":{"line":91,"column":41},"end":{"line":91,"column":55}},"17":{"start":{"line":92,"column":29},"end":{"line":92,"column":72}},"18":{"start":{"line":92,"column":40},"end":{"line":92,"column":72}}},"fnMap":{"0":{"name":"(anonymous_0)","decl":{"start":{"line":4,"column":27},"end":{"line":4,"column":28}},"loc":{"start":{"line":4,"column":40},"end":{"line":9,"column":1}},"line":4},"1":{"name":"(anonymous_1)","decl":{"start":{"line":11,"column":26},"end":{"line":11,"column":27}},"loc":{"start":{"line":11,"column":39},"end":{"line":16,"column":1}},"line":11},"2":{"name":"(anonymous_2)","decl":{"start":{"line":18,"column":25},"end":{"line":18,"column":26}},"loc":{"start":{"line":18,"column":31},"end":{"line":22,"column":1}},"line":18},"3":{"name":"(anonymous_3)","decl":{"start":{"line":49,"column":27},"end":{"line":49,"column":28}},"loc":{"start":{"line":49,"column":61},"end":{"line":86,"column":1}},"line":49},"4":{"name":"(anonymous_4)","decl":{"start":{"line":90,"column":32},"end":{"line":90,"column":33}},"loc":{"start":{"line":90,"column":43},"end":{"line":90,"column":86}},"line":90},"5":{"name":"(anonymous_5)","decl":{"start":{"line":91,"column":30},"end":{"line":91,"column":31}},"loc":{"start":{"line":91,"column":41},"end":{"line":91,"column":55}},"line":91},"6":{"name":"(anonymous_6)","decl":{"start":{"line":92,"column":29},"end":{"line":92,"column":30}},"loc":{"start":{"line":92,"column":40},"end":{"line":92,"column":72}},"line":92}},"branchMap":{"0":{"loc":{"start":{"line":49,"column":28},"end":{"line":49,"column":48}},"type":"default-arg","locations":[{"start":{"line":49,"column":36},"end":{"line":49,"column":48}}],"line":49},"1":{"loc":{"start":{"line":50,"column":4},"end":{"line":84,"column":5}},"type":"switch","locations":[{"start":{"line":51,"column":8},"end":{"line":74,"column":13}},{"start":{"line":76,"column":8},"end":{"line":77,"column":40}},{"start":{"line":79,"column":8},"end":{"line":83,"column":13}}],"line":50},"2":{"loc":{"start":{"line":90,"column":43},"end":{"line":90,"column":86}},"type":"binary-expr","locations":[{"start":{"line":90,"column":43},"end":{"line":90,"column":77}},{"start":{"line":90,"column":81},"end":{"line":90,"column":86}}],"line":90},"3":{"loc":{"start":{"line":92,"column":40},"end":{"line":92,"column":72}},"type":"binary-expr","locations":[{"start":{"line":92,"column":40},"end":{"line":92,"column":63}},{"start":{"line":92,"column":67},"end":{"line":92,"column":72}}],"line":92}},"s":{"0":23,"1":5,"2":23,"3":1,"4":23,"5":1,"6":23,"7":23,"8":3,"9":1,"10":1,"11":1,"12":0,"13":23,"14":0,"15":23,"16":13,"17":23,"18":0},"f":{"0":5,"1":1,"2":1,"3":3,"4":0,"5":13,"6":0},"b":{"0":[0],"1":[1,1,1],"2":[0,0],"3":[0,0]},"_coverageSchema":"1a1c01bbd47fc00a2c39e90264f33305004495a9","hash":"e3922e988e46c3da1241949bb026422496851535"}
,"/Users/vinhtran/Desktop/junior/fall/SWE/f23-adventurista/frontend/Screens/Authenticate/Login/Login.js": {"path":"/Users/vinhtran/Desktop/junior/fall/SWE/f23-adventurista/frontend/Screens/Authenticate/Login/Login.js","statementMap":{"0":{"start":{"line":9,"column":14},"end":{"line":104,"column":1}},"1":{"start":{"line":11,"column":18},"end":{"line":11,"column":74}},"2":{"start":{"line":12,"column":26},"end":{"line":12,"column":82}},"3":{"start":{"line":14,"column":19},"end":{"line":14,"column":32}},"4":{"start":{"line":15,"column":28},"end":{"line":15,"column":40}},"5":{"start":{"line":16,"column":34},"end":{"line":16,"column":46}},"6":{"start":{"line":17,"column":32},"end":{"line":17,"column":44}},"7":{"start":{"line":20,"column":2},"end":{"line":37,"column":8}},"8":{"start":{"line":21,"column":4},"end":{"line":36,"column":7}},"9":{"start":{"line":24,"column":26},"end":{"line":24,"column":39}},"10":{"start":{"line":26,"column":6},"end":{"line":26,"column":40}},"11":{"start":{"line":35,"column":6},"end":{"line":35,"column":25}},"12":{"start":{"line":39,"column":22},"end":{"line":79,"column":3}},"13":{"start":{"line":40,"column":4},"end":{"line":78,"column":5}},"14":{"start":{"line":41,"column":25},"end":{"line":44,"column":8}},"15":{"start":{"line":45,"column":6},"end":{"line":74,"column":7}},"16":{"start":{"line":46,"column":21},"end":{"line":46,"column":34}},"17":{"start":{"line":48,"column":8},"end":{"line":70,"column":12}},"18":{"start":{"line":71,"column":8},"end":{"line":71,"column":41}},"19":{"start":{"line":73,"column":8},"end":{"line":73,"column":56}},"20":{"start":{"line":76,"column":6},"end":{"line":76,"column":23}},"21":{"start":{"line":77,"column":6},"end":{"line":77,"column":93}},"22":{"start":{"line":81,"column":2},"end":{"line":103,"column":4}},"23":{"start":{"line":88,"column":72},"end":{"line":88,"column":86}},"24":{"start":{"line":92,"column":78},"end":{"line":92,"column":95}},"25":{"start":{"line":99,"column":86},"end":{"line":99,"column":120}},"26":{"start":{"line":106,"column":15},"end":{"line":162,"column":2}}},"fnMap":{"0":{"name":"(anonymous_0)","decl":{"start":{"line":9,"column":14},"end":{"line":9,"column":15}},"loc":{"start":{"line":9,"column":34},"end":{"line":104,"column":1}},"line":9},"1":{"name":"(anonymous_1)","decl":{"start":{"line":20,"column":12},"end":{"line":20,"column":13}},"loc":{"start":{"line":20,"column":18},"end":{"line":37,"column":3}},"line":20},"2":{"name":"(anonymous_2)","decl":{"start":{"line":22,"column":10},"end":{"line":22,"column":11}},"loc":{"start":{"line":22,"column":24},"end":{"line":33,"column":5}},"line":22},"3":{"name":"(anonymous_3)","decl":{"start":{"line":34,"column":11},"end":{"line":34,"column":12}},"loc":{"start":{"line":34,"column":22},"end":{"line":36,"column":5}},"line":34},"4":{"name":"(anonymous_4)","decl":{"start":{"line":39,"column":22},"end":{"line":39,"column":23}},"loc":{"start":{"line":39,"column":34},"end":{"line":79,"column":3}},"line":39},"5":{"name":"(anonymous_5)","decl":{"start":{"line":88,"column":62},"end":{"line":88,"column":63}},"loc":{"start":{"line":88,"column":72},"end":{"line":88,"column":86}},"line":88},"6":{"name":"(anonymous_6)","decl":{"start":{"line":92,"column":68},"end":{"line":92,"column":69}},"loc":{"start":{"line":92,"column":78},"end":{"line":92,"column":95}},"line":92},"7":{"name":"(anonymous_7)","decl":{"start":{"line":99,"column":80},"end":{"line":99,"column":81}},"loc":{"start":{"line":99,"column":86},"end":{"line":99,"column":120}},"line":99}},"branchMap":{"0":{"loc":{"start":{"line":45,"column":6},"end":{"line":74,"column":7}},"type":"if","locations":[{"start":{"line":45,"column":6},"end":{"line":74,"column":7}},{"start":{"line":72,"column":13},"end":{"line":74,"column":7}}],"line":45}},"s":{"0":2,"1":12,"2":12,"3":12,"4":12,"5":12,"6":12,"7":12,"8":5,"9":5,"10":5,"11":0,"12":12,"13":2,"14":2,"15":1,"16":1,"17":1,"18":1,"19":0,"20":1,"21":1,"22":12,"23":1,"24":1,"25":1,"26":2},"f":{"0":12,"1":5,"2":5,"3":0,"4":2,"5":1,"6":1,"7":1},"b":{"0":[1,0]},"_coverageSchema":"1a1c01bbd47fc00a2c39e90264f33305004495a9","hash":"b2d8de543eab6e72342955f29bf25911ec8c7e9a"}
,"/Users/vinhtran/Desktop/junior/fall/SWE/f23-adventurista/frontend/Screens/Authenticate/Signup/Signup.js": {"path":"/Users/vinhtran/Desktop/junior/fall/SWE/f23-adventurista/frontend/Screens/Authenticate/Signup/Signup.js","statementMap":{"0":{"start":{"line":5,"column":15},"end":{"line":66,"column":1}},"1":{"start":{"line":7,"column":18},"end":{"line":7,"column":78}},"2":{"start":{"line":9,"column":28},"end":{"line":9,"column":40}},"3":{"start":{"line":10,"column":34},"end":{"line":10,"column":46}},"4":{"start":{"line":11,"column":28},"end":{"line":11,"column":40}},"5":{"start":{"line":12,"column":26},"end":{"line":12,"column":38}},"6":{"start":{"line":14,"column":23},"end":{"line":33,"column":3}},"7":{"start":{"line":15,"column":4},"end":{"line":32,"column":5}},"8":{"start":{"line":16,"column":25},"end":{"line":21,"column":8}},"9":{"start":{"line":22,"column":6},"end":{"line":28,"column":7}},"10":{"start":{"line":23,"column":21},"end":{"line":23,"column":34}},"11":{"start":{"line":24,"column":8},"end":{"line":24,"column":54}},"12":{"start":{"line":25,"column":8},"end":{"line":25,"column":53}},"13":{"start":{"line":27,"column":8},"end":{"line":27,"column":65}},"14":{"start":{"line":30,"column":6},"end":{"line":30,"column":23}},"15":{"start":{"line":31,"column":6},"end":{"line":31,"column":85}},"16":{"start":{"line":35,"column":2},"end":{"line":65,"column":4}},"17":{"start":{"line":42,"column":76},"end":{"line":42,"column":90}},"18":{"start":{"line":46,"column":74},"end":{"line":46,"column":87}},"19":{"start":{"line":50,"column":72},"end":{"line":50,"column":86}},"20":{"start":{"line":54,"column":78},"end":{"line":54,"column":95}},"21":{"start":{"line":61,"column":85},"end":{"line":61,"column":118}},"22":{"start":{"line":68,"column":15},"end":{"line":124,"column":2}}},"fnMap":{"0":{"name":"(anonymous_0)","decl":{"start":{"line":5,"column":15},"end":{"line":5,"column":16}},"loc":{"start":{"line":5,"column":35},"end":{"line":66,"column":1}},"line":5},"1":{"name":"(anonymous_1)","decl":{"start":{"line":14,"column":23},"end":{"line":14,"column":24}},"loc":{"start":{"line":14,"column":35},"end":{"line":33,"column":3}},"line":14},"2":{"name":"(anonymous_2)","decl":{"start":{"line":42,"column":66},"end":{"line":42,"column":67}},"loc":{"start":{"line":42,"column":76},"end":{"line":42,"column":90}},"line":42},"3":{"name":"(anonymous_3)","decl":{"start":{"line":46,"column":64},"end":{"line":46,"column":65}},"loc":{"start":{"line":46,"column":74},"end":{"line":46,"column":87}},"line":46},"4":{"name":"(anonymous_4)","decl":{"start":{"line":50,"column":62},"end":{"line":50,"column":63}},"loc":{"start":{"line":50,"column":72},"end":{"line":50,"column":86}},"line":50},"5":{"name":"(anonymous_5)","decl":{"start":{"line":54,"column":68},"end":{"line":54,"column":69}},"loc":{"start":{"line":54,"column":78},"end":{"line":54,"column":95}},"line":54},"6":{"name":"(anonymous_6)","decl":{"start":{"line":61,"column":79},"end":{"line":61,"column":80}},"loc":{"start":{"line":61,"column":85},"end":{"line":61,"column":118}},"line":61}},"branchMap":{"0":{"loc":{"start":{"line":22,"column":6},"end":{"line":28,"column":7}},"type":"if","locations":[{"start":{"line":22,"column":6},"end":{"line":28,"column":7}},{"start":{"line":26,"column":13},"end":{"line":28,"column":7}}],"line":22}},"s":{"0":2,"1":9,"2":9,"3":9,"4":9,"5":9,"6":9,"7":2,"8":2,"9":1,"10":1,"11":1,"12":1,"13":0,"14":1,"15":1,"16":9,"17":1,"18":1,"19":1,"20":1,"21":1,"22":2},"f":{"0":9,"1":2,"2":1,"3":1,"4":1,"5":1,"6":1},"b":{"0":[1,0]},"_coverageSchema":"1a1c01bbd47fc00a2c39e90264f33305004495a9","hash":"24f48fdf90d66c1396c058a1b9aa104b54facb14"}
,"/Users/vinhtran/Desktop/junior/fall/SWE/f23-adventurista/frontend/Screens/Authenticate/Signup/Step2.js": {"path":"/Users/vinhtran/Desktop/junior/fall/SWE/f23-adventurista/frontend/Screens/Authenticate/Signup/Step2.js","statementMap":{"0":{"start":{"line":11,"column":14},"end":{"line":138,"column":1}},"1":{"start":{"line":13,"column":18},"end":{"line":13,"column":96}},"2":{"start":{"line":14,"column":26},"end":{"line":14,"column":82}},"3":{"start":{"line":17,"column":19},"end":{"line":17,"column":32}},"4":{"start":{"line":19,"column":36},"end":{"line":19,"column":48}},"5":{"start":{"line":20,"column":42},"end":{"line":20,"column":54}},"6":{"start":{"line":21,"column":24},"end":{"line":21,"column":36}},"7":{"start":{"line":22,"column":34},"end":{"line":22,"column":46}},"8":{"start":{"line":23,"column":32},"end":{"line":23,"column":44}},"9":{"start":{"line":25,"column":19},"end":{"line":25,"column":31}},"10":{"start":{"line":28,"column":2},"end":{"line":43,"column":8}},"11":{"start":{"line":29,"column":4},"end":{"line":42,"column":7}},"12":{"start":{"line":31,"column":26},"end":{"line":31,"column":39}},"13":{"start":{"line":33,"column":6},"end":{"line":33,"column":40}},"14":{"start":{"line":41,"column":6},"end":{"line":41,"column":25}},"15":{"start":{"line":45,"column":31},"end":{"line":86,"column":3}},"16":{"start":{"line":46,"column":4},"end":{"line":85,"column":5}},"17":{"start":{"line":47,"column":25},"end":{"line":52,"column":8}},"18":{"start":{"line":53,"column":6},"end":{"line":81,"column":7}},"19":{"start":{"line":54,"column":28},"end":{"line":54,"column":41}},"20":{"start":{"line":55,"column":8},"end":{"line":77,"column":12}},"21":{"start":{"line":78,"column":8},"end":{"line":78,"column":48}},"22":{"start":{"line":80,"column":8},"end":{"line":80,"column":55}},"23":{"start":{"line":83,"column":6},"end":{"line":83,"column":23}},"24":{"start":{"line":84,"column":6},"end":{"line":84,"column":94}},"25":{"start":{"line":88,"column":28},"end":{"line":93,"column":3}},"26":{"start":{"line":89,"column":20},"end":{"line":89,"column":29}},"27":{"start":{"line":90,"column":6},"end":{"line":90,"column":33}},"28":{"start":{"line":91,"column":6},"end":{"line":91,"column":28}},"29":{"start":{"line":92,"column":6},"end":{"line":92,"column":26}},"30":{"start":{"line":95,"column":2},"end":{"line":137,"column":4}},"31":{"start":{"line":102,"column":93},"end":{"line":102,"column":105}},"32":{"start":{"line":106,"column":117},"end":{"line":106,"column":134}},"33":{"start":{"line":112,"column":86},"end":{"line":112,"column":107}},"34":{"start":{"line":120,"column":16},"end":{"line":122,"column":18}},"35":{"start":{"line":125,"column":75},"end":{"line":125,"column":91}},"36":{"start":{"line":140,"column":15},"end":{"line":189,"column":2}}},"fnMap":{"0":{"name":"(anonymous_0)","decl":{"start":{"line":11,"column":14},"end":{"line":11,"column":15}},"loc":{"start":{"line":11,"column":41},"end":{"line":138,"column":1}},"line":11},"1":{"name":"(anonymous_1)","decl":{"start":{"line":28,"column":12},"end":{"line":28,"column":13}},"loc":{"start":{"line":28,"column":18},"end":{"line":43,"column":3}},"line":28},"2":{"name":"(anonymous_2)","decl":{"start":{"line":30,"column":10},"end":{"line":30,"column":11}},"loc":{"start":{"line":30,"column":24},"end":{"line":39,"column":5}},"line":30},"3":{"name":"(anonymous_3)","decl":{"start":{"line":40,"column":11},"end":{"line":40,"column":12}},"loc":{"start":{"line":40,"column":22},"end":{"line":42,"column":5}},"line":40},"4":{"name":"(anonymous_4)","decl":{"start":{"line":45,"column":31},"end":{"line":45,"column":32}},"loc":{"start":{"line":45,"column":43},"end":{"line":86,"column":3}},"line":45},"5":{"name":"(anonymous_5)","decl":{"start":{"line":88,"column":28},"end":{"line":88,"column":29}},"loc":{"start":{"line":88,"column":34},"end":{"line":93,"column":3}},"line":88},"6":{"name":"(anonymous_6)","decl":{"start":{"line":102,"column":83},"end":{"line":102,"column":84}},"loc":{"start":{"line":102,"column":93},"end":{"line":102,"column":105}},"line":102},"7":{"name":"(anonymous_7)","decl":{"start":{"line":106,"column":107},"end":{"line":106,"column":108}},"loc":{"start":{"line":106,"column":117},"end":{"line":106,"column":134}},"line":106},"8":{"name":"(anonymous_8)","decl":{"start":{"line":112,"column":76},"end":{"line":112,"column":77}},"loc":{"start":{"line":112,"column":86},"end":{"line":112,"column":107}},"line":112},"9":{"name":"(anonymous_9)","decl":{"start":{"line":119,"column":51},"end":{"line":119,"column":52}},"loc":{"start":{"line":119,"column":67},"end":{"line":123,"column":13}},"line":119},"10":{"name":"(anonymous_10)","decl":{"start":{"line":125,"column":69},"end":{"line":125,"column":70}},"loc":{"start":{"line":125,"column":75},"end":{"line":125,"column":91}},"line":125}},"branchMap":{"0":{"loc":{"start":{"line":53,"column":6},"end":{"line":81,"column":7}},"type":"if","locations":[{"start":{"line":53,"column":6},"end":{"line":81,"column":7}},{"start":{"line":79,"column":13},"end":{"line":81,"column":7}}],"line":53},"1":{"loc":{"start":{"line":109,"column":61},"end":{"line":109,"column":134}},"type":"cond-expr","locations":[{"start":{"line":109,"column":86},"end":{"line":109,"column":88}},{"start":{"line":109,"column":91},"end":{"line":109,"column":134}}],"line":109},"2":{"loc":{"start":{"line":110,"column":9},"end":{"line":116,"column":15}},"type":"binary-expr","locations":[{"start":{"line":110,"column":9},"end":{"line":110,"column":29}},{"start":{"line":111,"column":8},"end":{"line":116,"column":15}}],"line":110},"3":{"loc":{"start":{"line":119,"column":13},"end":{"line":123,"column":14}},"type":"binary-expr","locations":[{"start":{"line":119,"column":13},"end":{"line":119,"column":33}},{"start":{"line":119,"column":37},"end":{"line":123,"column":14}}],"line":119},"4":{"loc":{"start":{"line":124,"column":13},"end":{"line":127,"column":31}},"type":"binary-expr","locations":[{"start":{"line":124,"column":13},"end":{"line":124,"column":35}},{"start":{"line":125,"column":12},"end":{"line":127,"column":31}}],"line":124},"5":{"loc":{"start":{"line":131,"column":54},"end":{"line":131,"column":86}},"type":"cond-expr","locations":[{"start":{"line":131,"column":79},"end":{"line":131,"column":81}},{"start":{"line":131,"column":84},"end":{"line":131,"column":86}}],"line":131}},"s":{"0":2,"1":24,"2":24,"3":24,"4":24,"5":24,"6":24,"7":24,"8":24,"9":24,"10":24,"11":6,"12":6,"13":6,"14":0,"15":24,"16":2,"17":2,"18":0,"19":0,"20":0,"21":0,"22":0,"23":2,"24":2,"25":24,"26":4,"27":4,"28":4,"29":4,"30":24,"31":1,"32":1,"33":5,"34":11,"35":1,"36":2},"f":{"0":24,"1":6,"2":6,"3":0,"4":2,"5":4,"6":1,"7":1,"8":5,"9":11,"10":1},"b":{"0":[0,0],"1":[1,23],"2":[24,23],"3":[24,7],"4":[24,1],"5":[1,23]},"_coverageSchema":"1a1c01bbd47fc00a2c39e90264f33305004495a9","hash":"877276f0d349940a49aeefeee463658c8135e2c9"}
,"/Users/vinhtran/Desktop/junior/fall/SWE/f23-adventurista/frontend/Screens/Calendar/Calendar.js": {"path":"/Users/vinhtran/Desktop/junior/fall/SWE/f23-adventurista/frontend/Screens/Calendar/Calendar.js","statementMap":{"0":{"start":{"line":10,"column":17},"end":{"line":53,"column":1}},"1":{"start":{"line":12,"column":15},"end":{"line":12,"column":42}},"2":{"start":{"line":14,"column":18},"end":{"line":14,"column":93}},"3":{"start":{"line":16,"column":36},"end":{"line":16,"column":48}},"4":{"start":{"line":18,"column":2},"end":{"line":28,"column":34}},"5":{"start":{"line":19,"column":4},"end":{"line":27,"column":9}},"6":{"start":{"line":21,"column":8},"end":{"line":21,"column":36}},"7":{"start":{"line":25,"column":8},"end":{"line":25,"column":54}},"8":{"start":{"line":26,"column":8},"end":{"line":26,"column":27}},"9":{"start":{"line":30,"column":2},"end":{"line":52,"column":4}},"10":{"start":{"line":40,"column":12},"end":{"line":42,"column":13}},"11":{"start":{"line":55,"column":15},"end":{"line":83,"column":2}}},"fnMap":{"0":{"name":"(anonymous_0)","decl":{"start":{"line":10,"column":17},"end":{"line":10,"column":18}},"loc":{"start":{"line":10,"column":37},"end":{"line":53,"column":1}},"line":10},"1":{"name":"(anonymous_1)","decl":{"start":{"line":18,"column":12},"end":{"line":18,"column":13}},"loc":{"start":{"line":18,"column":18},"end":{"line":28,"column":3}},"line":18},"2":{"name":"(anonymous_2)","decl":{"start":{"line":20,"column":12},"end":{"line":20,"column":13}},"loc":{"start":{"line":20,"column":26},"end":{"line":23,"column":7}},"line":20},"3":{"name":"(anonymous_3)","decl":{"start":{"line":24,"column":13},"end":{"line":24,"column":14}},"loc":{"start":{"line":24,"column":24},"end":{"line":27,"column":7}},"line":24},"4":{"name":"(anonymous_4)","decl":{"start":{"line":39,"column":26},"end":{"line":39,"column":27}},"loc":{"start":{"line":39,"column":47},"end":{"line":43,"column":13}},"line":39}},"branchMap":{"0":{"loc":{"start":{"line":28,"column":6},"end":{"line":28,"column":31}},"type":"binary-expr","locations":[{"start":{"line":28,"column":6},"end":{"line":28,"column":25}},{"start":{"line":28,"column":29},"end":{"line":28,"column":31}}],"line":28},"1":{"loc":{"start":{"line":37,"column":11},"end":{"line":37,"column":93}},"type":"binary-expr","locations":[{"start":{"line":37,"column":11},"end":{"line":37,"column":31}},{"start":{"line":37,"column":35},"end":{"line":37,"column":93}}],"line":37},"2":{"loc":{"start":{"line":38,"column":12},"end":{"line":47,"column":19}},"type":"cond-expr","locations":[{"start":{"line":39,"column":12},"end":{"line":43,"column":14}},{"start":{"line":45,"column":12},"end":{"line":47,"column":19}}],"line":38}},"s":{"0":1,"1":4,"2":4,"3":4,"4":4,"5":2,"6":2,"7":0,"8":0,"9":4,"10":1,"11":1},"f":{"0":4,"1":2,"2":2,"3":0,"4":1},"b":{"0":[4,0],"1":[4,1],"2":[1,3]},"_coverageSchema":"1a1c01bbd47fc00a2c39e90264f33305004495a9","hash":"b3dee88b9149e01ca38f442acdebba482893dd84"}
,"/Users/vinhtran/Desktop/junior/fall/SWE/f23-adventurista/frontend/Screens/Feed/Feed.js": {"path":"/Users/vinhtran/Desktop/junior/fall/SWE/f23-adventurista/frontend/Screens/Feed/Feed.js","statementMap":{"0":{"start":{"line":10,"column":13},"end":{"line":56,"column":1}},"1":{"start":{"line":11,"column":15},"end":{"line":11,"column":42}},"2":{"start":{"line":12,"column":18},"end":{"line":12,"column":84}},"3":{"start":{"line":13,"column":18},"end":{"line":13,"column":44}},"4":{"start":{"line":14,"column":19},"end":{"line":14,"column":32}},"5":{"start":{"line":16,"column":28},"end":{"line":16,"column":40}},"6":{"start":{"line":19,"column":2},"end":{"line":29,"column":46}},"7":{"start":{"line":20,"column":4},"end":{"line":28,"column":7}},"8":{"start":{"line":22,"column":6},"end":{"line":22,"column":30}},"9":{"start":{"line":23,"column":6},"end":{"line":23,"column":34}},"10":{"start":{"line":27,"column":6},"end":{"line":27,"column":25}},"11":{"start":{"line":31,"column":2},"end":{"line":55,"column":4}},"12":{"start":{"line":39,"column":10},"end":{"line":50,"column":12}},"13":{"start":{"line":51,"column":21},"end":{"line":51,"column":28}},"14":{"start":{"line":58,"column":15},"end":{"line":63,"column":2}}},"fnMap":{"0":{"name":"(anonymous_0)","decl":{"start":{"line":10,"column":13},"end":{"line":10,"column":14}},"loc":{"start":{"line":10,"column":33},"end":{"line":56,"column":1}},"line":10},"1":{"name":"(anonymous_1)","decl":{"start":{"line":19,"column":12},"end":{"line":19,"column":13}},"loc":{"start":{"line":19,"column":18},"end":{"line":29,"column":3}},"line":19},"2":{"name":"(anonymous_2)","decl":{"start":{"line":21,"column":10},"end":{"line":21,"column":11}},"loc":{"start":{"line":21,"column":24},"end":{"line":25,"column":5}},"line":21},"3":{"name":"(anonymous_3)","decl":{"start":{"line":26,"column":11},"end":{"line":26,"column":12}},"loc":{"start":{"line":26,"column":22},"end":{"line":28,"column":5}},"line":26},"4":{"name":"(anonymous_4)","decl":{"start":{"line":38,"column":20},"end":{"line":38,"column":21}},"loc":{"start":{"line":39,"column":10},"end":{"line":50,"column":12}},"line":39},"5":{"name":"(anonymous_5)","decl":{"start":{"line":51,"column":13},"end":{"line":51,"column":14}},"loc":{"start":{"line":51,"column":21},"end":{"line":51,"column":28}},"line":51}},"branchMap":{"0":{"loc":{"start":{"line":29,"column":15},"end":{"line":29,"column":34}},"type":"binary-expr","locations":[{"start":{"line":29,"column":15},"end":{"line":29,"column":28}},{"start":{"line":29,"column":32},"end":{"line":29,"column":34}}],"line":29},"1":{"loc":{"start":{"line":35,"column":14},"end":{"line":35,"column":25}},"type":"binary-expr","locations":[{"start":{"line":35,"column":14},"end":{"line":35,"column":19}},{"start":{"line":35,"column":23},"end":{"line":35,"column":25}}],"line":35}},"s":{"0":1,"1":0,"2":0,"3":0,"4":0,"5":0,"6":0,"7":0,"8":0,"9":0,"10":0,"11":0,"12":0,"13":0,"14":1},"f":{"0":0,"1":0,"2":0,"3":0,"4":0,"5":0},"b":{"0":[0,0],"1":[0,0]},"_coverageSchema":"1a1c01bbd47fc00a2c39e90264f33305004495a9","hash":"2e59483e585abc315fce8d2ec9558b364e07c6f4"}
,"/Users/vinhtran/Desktop/junior/fall/SWE/f23-adventurista/frontend/Screens/Feed/FeedFixedTop.js": {"path":"/Users/vinhtran/Desktop/junior/fall/SWE/f23-adventurista/frontend/Screens/Feed/FeedFixedTop.js","statementMap":{"0":{"start":{"line":8,"column":21},"end":{"line":116,"column":1}},"1":{"start":{"line":10,"column":15},"end":{"line":10,"column":42}},"2":{"start":{"line":11,"column":19},"end":{"line":11,"column":32}},"3":{"start":{"line":12,"column":18},"end":{"line":12,"column":73}},"4":{"start":{"line":14,"column":34},"end":{"line":14,"column":46}},"5":{"start":{"line":15,"column":48},"end":{"line":15,"column":63}},"6":{"start":{"line":17,"column":26},"end":{"line":19,"column":3}},"7":{"start":{"line":18,"column":4},"end":{"line":18,"column":41}},"8":{"start":{"line":21,"column":28},"end":{"line":54,"column":3}},"9":{"start":{"line":22,"column":4},"end":{"line":53,"column":5}},"10":{"start":{"line":23,"column":23},"end":{"line":31,"column":10}},"11":{"start":{"line":33,"column":6},"end":{"line":48,"column":7}},"12":{"start":{"line":34,"column":28},"end":{"line":34,"column":41}},"13":{"start":{"line":38,"column":8},"end":{"line":38,"column":35}},"14":{"start":{"line":39,"column":8},"end":{"line":42,"column":14}},"15":{"start":{"line":44,"column":8},"end":{"line":44,"column":25}},"16":{"start":{"line":45,"column":8},"end":{"line":45,"column":60}},"17":{"start":{"line":47,"column":8},"end":{"line":47,"column":57}},"18":{"start":{"line":50,"column":8},"end":{"line":50,"column":25}},"19":{"start":{"line":51,"column":8},"end":{"line":51,"column":87}},"20":{"start":{"line":56,"column":2},"end":{"line":115,"column":4}},"21":{"start":{"line":61,"column":43},"end":{"line":61,"column":79}},"22":{"start":{"line":86,"column":38},"end":{"line":86,"column":55}},"23":{"start":{"line":118,"column":15},"end":{"line":154,"column":2}}},"fnMap":{"0":{"name":"(anonymous_0)","decl":{"start":{"line":8,"column":21},"end":{"line":8,"column":22}},"loc":{"start":{"line":8,"column":41},"end":{"line":116,"column":1}},"line":8},"1":{"name":"(anonymous_1)","decl":{"start":{"line":17,"column":26},"end":{"line":17,"column":27}},"loc":{"start":{"line":17,"column":32},"end":{"line":19,"column":3}},"line":17},"2":{"name":"(anonymous_2)","decl":{"start":{"line":21,"column":28},"end":{"line":21,"column":29}},"loc":{"start":{"line":21,"column":40},"end":{"line":54,"column":3}},"line":21},"3":{"name":"(anonymous_3)","decl":{"start":{"line":61,"column":37},"end":{"line":61,"column":38}},"loc":{"start":{"line":61,"column":43},"end":{"line":61,"column":79}},"line":61},"4":{"name":"(anonymous_4)","decl":{"start":{"line":86,"column":28},"end":{"line":86,"column":29}},"loc":{"start":{"line":86,"column":38},"end":{"line":86,"column":55}},"line":86}},"branchMap":{"0":{"loc":{"start":{"line":33,"column":6},"end":{"line":48,"column":7}},"type":"if","locations":[{"start":{"line":33,"column":6},"end":{"line":48,"column":7}},{"start":{"line":46,"column":13},"end":{"line":48,"column":7}}],"line":33},"1":{"loc":{"start":{"line":64,"column":11},"end":{"line":67,"column":19}},"type":"binary-expr","locations":[{"start":{"line":64,"column":11},"end":{"line":64,"column":53}},{"start":{"line":65,"column":12},"end":{"line":67,"column":19}}],"line":64},"2":{"loc":{"start":{"line":64,"column":12},"end":{"line":64,"column":48}},"type":"binary-expr","locations":[{"start":{"line":64,"column":12},"end":{"line":64,"column":42}},{"start":{"line":64,"column":46},"end":{"line":64,"column":48}}],"line":64},"3":{"loc":{"start":{"line":66,"column":67},"end":{"line":66,"column":102}},"type":"binary-expr","locations":[{"start":{"line":66,"column":67},"end":{"line":66,"column":97}},{"start":{"line":66,"column":101},"end":{"line":66,"column":102}}],"line":66},"4":{"loc":{"start":{"line":75,"column":9},"end":{"line":96,"column":17}},"type":"cond-expr","locations":[{"start":{"line":76,"column":10},"end":{"line":79,"column":29}},{"start":{"line":81,"column":10},"end":{"line":96,"column":17}}],"line":75},"5":{"loc":{"start":{"line":78,"column":58},"end":{"line":78,"column":98}},"type":"binary-expr","locations":[{"start":{"line":78,"column":58},"end":{"line":78,"column":79}},{"start":{"line":78,"column":83},"end":{"line":78,"column":98}}],"line":78},"6":{"loc":{"start":{"line":99,"column":9},"end":{"line":106,"column":17}},"type":"binary-expr","locations":[{"start":{"line":99,"column":9},"end":{"line":99,"column":24}},{"start":{"line":100,"column":10},"end":{"line":106,"column":17}}],"line":99}},"s":{"0":2,"1":5,"2":5,"3":5,"4":5,"5":5,"6":5,"7":2,"8":5,"9":1,"10":1,"11":0,"12":0,"13":0,"14":0,"15":0,"16":0,"17":0,"18":1,"19":1,"20":5,"21":0,"22":1,"23":2},"f":{"0":5,"1":2,"2":1,"3":0,"4":1},"b":{"0":[0,0],"1":[5,0],"2":[5,5],"3":[0,0],"4":[2,3],"5":[2,2],"6":[5,3]},"_coverageSchema":"1a1c01bbd47fc00a2c39e90264f33305004495a9","hash":"5d43b2c81556d16c354c73d459a450cfcab2edfd"}
,"/Users/vinhtran/Desktop/junior/fall/SWE/f23-adventurista/frontend/Screens/Feed/Post.js": {"path":"/Users/vinhtran/Desktop/junior/fall/SWE/f23-adventurista/frontend/Screens/Feed/Post.js","statementMap":{"0":{"start":{"line":14,"column":13},"end":{"line":127,"column":3}},"1":{"start":{"line":16,"column":96},"end":{"line":16,"column":101}},"2":{"start":{"line":18,"column":20},"end":{"line":18,"column":64}},"3":{"start":{"line":19,"column":27},"end":{"line":19,"column":88}},"4":{"start":{"line":20,"column":17},"end":{"line":20,"column":44}},"5":{"start":{"line":21,"column":20},"end":{"line":21,"column":46}},"6":{"start":{"line":22,"column":21},"end":{"line":22,"column":34}},"7":{"start":{"line":23,"column":32},"end":{"line":23,"column":44}},"8":{"start":{"line":24,"column":42},"end":{"line":24,"column":53}},"9":{"start":{"line":25,"column":50},"end":{"line":25,"column":62}},"10":{"start":{"line":26,"column":48},"end":{"line":26,"column":59}},"11":{"start":{"line":28,"column":26},"end":{"line":32,"column":7}},"12":{"start":{"line":29,"column":8},"end":{"line":31,"column":9}},"13":{"start":{"line":30,"column":10},"end":{"line":30,"column":42}},"14":{"start":{"line":34,"column":29},"end":{"line":38,"column":7}},"15":{"start":{"line":35,"column":8},"end":{"line":37,"column":9}},"16":{"start":{"line":36,"column":10},"end":{"line":36,"column":42}},"17":{"start":{"line":40,"column":4},"end":{"line":68,"column":91}},"18":{"start":{"line":42,"column":8},"end":{"line":50,"column":11}},"19":{"start":{"line":44,"column":12},"end":{"line":44,"column":40}},"20":{"start":{"line":45,"column":12},"end":{"line":45,"column":37}},"21":{"start":{"line":48,"column":12},"end":{"line":48,"column":45}},"22":{"start":{"line":49,"column":12},"end":{"line":49,"column":31}},"23":{"start":{"line":52,"column":8},"end":{"line":67,"column":11}},"24":{"start":{"line":54,"column":12},"end":{"line":54,"column":40}},"25":{"start":{"line":55,"column":25},"end":{"line":55,"column":94}},"26":{"start":{"line":55,"column":69},"end":{"line":55,"column":93}},"27":{"start":{"line":57,"column":12},"end":{"line":57,"column":43}},"28":{"start":{"line":59,"column":12},"end":{"line":60,"column":40}},"29":{"start":{"line":60,"column":16},"end":{"line":60,"column":40}},"30":{"start":{"line":62,"column":12},"end":{"line":62,"column":48}},"31":{"start":{"line":66,"column":12},"end":{"line":66,"column":59}},"32":{"start":{"line":70,"column":4},"end":{"line":126,"column":5}},"33":{"start":{"line":75,"column":34},"end":{"line":75,"column":61}},"34":{"start":{"line":79,"column":16},"end":{"line":115,"column":23}},"35":{"start":{"line":129,"column":17},"end":{"line":133,"column":4}}},"fnMap":{"0":{"name":"(anonymous_0)","decl":{"start":{"line":14,"column":13},"end":{"line":14,"column":14}},"loc":{"start":{"line":14,"column":24},"end":{"line":127,"column":3}},"line":14},"1":{"name":"(anonymous_1)","decl":{"start":{"line":28,"column":26},"end":{"line":28,"column":27}},"loc":{"start":{"line":28,"column":32},"end":{"line":32,"column":7}},"line":28},"2":{"name":"(anonymous_2)","decl":{"start":{"line":34,"column":29},"end":{"line":34,"column":30}},"loc":{"start":{"line":34,"column":35},"end":{"line":38,"column":7}},"line":34},"3":{"name":"(anonymous_3)","decl":{"start":{"line":40,"column":14},"end":{"line":40,"column":15}},"loc":{"start":{"line":40,"column":20},"end":{"line":68,"column":5}},"line":40},"4":{"name":"(anonymous_4)","decl":{"start":{"line":43,"column":14},"end":{"line":43,"column":15}},"loc":{"start":{"line":43,"column":28},"end":{"line":46,"column":9}},"line":43},"5":{"name":"(anonymous_5)","decl":{"start":{"line":47,"column":15},"end":{"line":47,"column":16}},"loc":{"start":{"line":47,"column":26},"end":{"line":50,"column":9}},"line":47},"6":{"name":"(anonymous_6)","decl":{"start":{"line":53,"column":14},"end":{"line":53,"column":15}},"loc":{"start":{"line":53,"column":28},"end":{"line":64,"column":9}},"line":53},"7":{"name":"(anonymous_7)","decl":{"start":{"line":55,"column":57},"end":{"line":55,"column":58}},"loc":{"start":{"line":55,"column":69},"end":{"line":55,"column":93}},"line":55},"8":{"name":"(anonymous_8)","decl":{"start":{"line":65,"column":15},"end":{"line":65,"column":16}},"loc":{"start":{"line":65,"column":26},"end":{"line":67,"column":9}},"line":65},"9":{"name":"(anonymous_9)","decl":{"start":{"line":75,"column":28},"end":{"line":75,"column":29}},"loc":{"start":{"line":75,"column":34},"end":{"line":75,"column":61}},"line":75},"10":{"name":"(anonymous_10)","decl":{"start":{"line":78,"column":37},"end":{"line":78,"column":38}},"loc":{"start":{"line":79,"column":16},"end":{"line":115,"column":23}},"line":79}},"branchMap":{"0":{"loc":{"start":{"line":29,"column":8},"end":{"line":31,"column":9}},"type":"if","locations":[{"start":{"line":29,"column":8},"end":{"line":31,"column":9}},{"start":{},"end":{}}],"line":29},"1":{"loc":{"start":{"line":35,"column":8},"end":{"line":37,"column":9}},"type":"if","locations":[{"start":{"line":35,"column":8},"end":{"line":37,"column":9}},{"start":{},"end":{}}],"line":35},"2":{"loc":{"start":{"line":59,"column":12},"end":{"line":60,"column":40}},"type":"if","locations":[{"start":{"line":59,"column":12},"end":{"line":60,"column":40}},{"start":{},"end":{}}],"line":59},"3":{"loc":{"start":{"line":68,"column":17},"end":{"line":68,"column":36}},"type":"binary-expr","locations":[{"start":{"line":68,"column":17},"end":{"line":68,"column":30}},{"start":{"line":68,"column":34},"end":{"line":68,"column":36}}],"line":68},"4":{"loc":{"start":{"line":68,"column":38},"end":{"line":68,"column":63}},"type":"binary-expr","locations":[{"start":{"line":68,"column":38},"end":{"line":68,"column":57}},{"start":{"line":68,"column":61},"end":{"line":68,"column":63}}],"line":68},"5":{"loc":{"start":{"line":68,"column":65},"end":{"line":68,"column":88}},"type":"binary-expr","locations":[{"start":{"line":68,"column":65},"end":{"line":68,"column":82}},{"start":{"line":68,"column":86},"end":{"line":68,"column":88}}],"line":68},"6":{"loc":{"start":{"line":80,"column":21},"end":{"line":114,"column":21}},"type":"cond-expr","locations":[{"start":{"line":81,"column":20},"end":{"line":94,"column":27}},{"start":{"line":96,"column":20},"end":{"line":113,"column":27}}],"line":80}},"s":{"0":2,"1":0,"2":0,"3":0,"4":0,"5":0,"6":0,"7":0,"8":0,"9":0,"10":0,"11":0,"12":0,"13":0,"14":0,"15":0,"16":0,"17":0,"18":0,"19":0,"20":0,"21":0,"22":0,"23":0,"24":0,"25":0,"26":0,"27":0,"28":0,"29":0,"30":0,"31":0,"32":0,"33":0,"34":0,"35":2},"f":{"0":0,"1":0,"2":0,"3":0,"4":0,"5":0,"6":0,"7":0,"8":0,"9":0,"10":0},"b":{"0":[0,0],"1":[0,0],"2":[0,0],"3":[0,0],"4":[0,0],"5":[0,0],"6":[0,0]},"_coverageSchema":"1a1c01bbd47fc00a2c39e90264f33305004495a9","hash":"22cded945c9003967bd3d6000530d53b7c6945c0"}
,"/Users/vinhtran/Desktop/junior/fall/SWE/f23-adventurista/frontend/Screens/Feed/PostBottom.js": {"path":"/Users/vinhtran/Desktop/junior/fall/SWE/f23-adventurista/frontend/Screens/Feed/PostBottom.js","statementMap":{"0":{"start":{"line":11,"column":19},"end":{"line":113,"column":3}},"1":{"start":{"line":13,"column":39},"end":{"line":13,"column":44}},"2":{"start":{"line":15,"column":17},"end":{"line":15,"column":44}},"3":{"start":{"line":16,"column":21},"end":{"line":16,"column":34}},"4":{"start":{"line":18,"column":27},"end":{"line":18,"column":86}},"5":{"start":{"line":19,"column":25},"end":{"line":19,"column":111}},"6":{"start":{"line":21,"column":42},"end":{"line":21,"column":88}},"7":{"start":{"line":22,"column":34},"end":{"line":22,"column":78}},"8":{"start":{"line":24,"column":30},"end":{"line":49,"column":5}},"9":{"start":{"line":25,"column":6},"end":{"line":48,"column":7}},"10":{"start":{"line":26,"column":27},"end":{"line":29,"column":10}},"11":{"start":{"line":30,"column":8},"end":{"line":44,"column":9}},"12":{"start":{"line":31,"column":30},"end":{"line":31,"column":43}},"13":{"start":{"line":32,"column":10},"end":{"line":32,"column":31}},"14":{"start":{"line":35,"column":10},"end":{"line":39,"column":14}},"15":{"start":{"line":41,"column":10},"end":{"line":41,"column":67}},"16":{"start":{"line":43,"column":10},"end":{"line":43,"column":66}},"17":{"start":{"line":46,"column":8},"end":{"line":46,"column":25}},"18":{"start":{"line":47,"column":8},"end":{"line":47,"column":101}},"19":{"start":{"line":51,"column":28},"end":{"line":74,"column":5}},"20":{"start":{"line":52,"column":8},"end":{"line":73,"column":9}},"21":{"start":{"line":53,"column":27},"end":{"line":53,"column":57}},"22":{"start":{"line":54,"column":10},"end":{"line":69,"column":11}},"23":{"start":{"line":56,"column":32},"end":{"line":56,"column":45}},"24":{"start":{"line":57,"column":12},"end":{"line":57,"column":29}},"25":{"start":{"line":60,"column":12},"end":{"line":64,"column":16}},"26":{"start":{"line":66,"column":12},"end":{"line":66,"column":78}},"27":{"start":{"line":68,"column":12},"end":{"line":68,"column":77}},"28":{"start":{"line":71,"column":10},"end":{"line":71,"column":27}},"29":{"start":{"line":72,"column":10},"end":{"line":72,"column":112}},"30":{"start":{"line":76,"column":4},"end":{"line":112,"column":5}},"31":{"start":{"line":81,"column":24},"end":{"line":83,"column":25}},"32":{"start":{"line":115,"column":17},"end":{"line":130,"column":4}}},"fnMap":{"0":{"name":"(anonymous_0)","decl":{"start":{"line":11,"column":19},"end":{"line":11,"column":20}},"loc":{"start":{"line":11,"column":30},"end":{"line":113,"column":3}},"line":11},"1":{"name":"(anonymous_1)","decl":{"start":{"line":24,"column":30},"end":{"line":24,"column":31}},"loc":{"start":{"line":24,"column":42},"end":{"line":49,"column":5}},"line":24},"2":{"name":"(anonymous_2)","decl":{"start":{"line":51,"column":28},"end":{"line":51,"column":29}},"loc":{"start":{"line":51,"column":40},"end":{"line":74,"column":5}},"line":51},"3":{"name":"(anonymous_3)","decl":{"start":{"line":80,"column":30},"end":{"line":80,"column":31}},"loc":{"start":{"line":80,"column":46},"end":{"line":84,"column":21}},"line":80}},"branchMap":{"0":{"loc":{"start":{"line":30,"column":8},"end":{"line":44,"column":9}},"type":"if","locations":[{"start":{"line":30,"column":8},"end":{"line":44,"column":9}},{"start":{"line":42,"column":15},"end":{"line":44,"column":9}}],"line":30},"1":{"loc":{"start":{"line":54,"column":10},"end":{"line":69,"column":11}},"type":"if","locations":[{"start":{"line":54,"column":10},"end":{"line":69,"column":11}},{"start":{"line":67,"column":17},"end":{"line":69,"column":11}}],"line":54},"2":{"loc":{"start":{"line":87,"column":21},"end":{"line":94,"column":29}},"type":"cond-expr","locations":[{"start":{"line":88,"column":22},"end":{"line":90,"column":41}},{"start":{"line":92,"column":22},"end":{"line":94,"column":29}}],"line":87},"3":{"loc":{"start":{"line":96,"column":21},"end":{"line":103,"column":29}},"type":"cond-expr","locations":[{"start":{"line":97,"column":22},"end":{"line":99,"column":41}},{"start":{"line":101,"column":22},"end":{"line":103,"column":29}}],"line":96}},"s":{"0":3,"1":7,"2":7,"3":7,"4":7,"5":7,"6":7,"7":7,"8":7,"9":2,"10":2,"11":1,"12":1,"13":1,"14":1,"15":1,"16":0,"17":1,"18":1,"19":7,"20":2,"21":2,"22":1,"23":1,"24":1,"25":1,"26":1,"27":0,"28":1,"29":1,"30":7,"31":21,"32":3},"f":{"0":7,"1":2,"2":2,"3":21},"b":{"0":[1,0],"1":[1,0],"2":[6,1],"3":[6,1]},"_coverageSchema":"1a1c01bbd47fc00a2c39e90264f33305004495a9","hash":"ac1468f50c65ec1f7b8570fbc76b149134dd9447"}
,"/Users/vinhtran/Desktop/junior/fall/SWE/f23-adventurista/frontend/Screens/Feed/PostTop.js": {"path":"/Users/vinhtran/Desktop/junior/fall/SWE/f23-adventurista/frontend/Screens/Feed/PostTop.js","statementMap":{"0":{"start":{"line":5,"column":16},"end":{"line":46,"column":3}},"1":{"start":{"line":7,"column":98},"end":{"line":7,"column":103}},"2":{"start":{"line":10,"column":30},"end":{"line":12,"column":5}},"3":{"start":{"line":11,"column":8},"end":{"line":11,"column":73}},"4":{"start":{"line":14,"column":4},"end":{"line":45,"column":5}},"5":{"start":{"line":48,"column":17},"end":{"line":73,"column":4}}},"fnMap":{"0":{"name":"(anonymous_0)","decl":{"start":{"line":5,"column":16},"end":{"line":5,"column":17}},"loc":{"start":{"line":5,"column":27},"end":{"line":46,"column":3}},"line":5},"1":{"name":"(anonymous_1)","decl":{"start":{"line":10,"column":30},"end":{"line":10,"column":31}},"loc":{"start":{"line":10,"column":36},"end":{"line":12,"column":5}},"line":10}},"branchMap":{},"s":{"0":3,"1":2,"2":2,"3":1,"4":2,"5":3},"f":{"0":2,"1":1},"b":{},"_coverageSchema":"1a1c01bbd47fc00a2c39e90264f33305004495a9","hash":"caec76b963826feeb2b1d9cb33e8c97ca791edd1"}
,"/Users/vinhtran/Desktop/junior/fall/SWE/f23-adventurista/frontend/Screens/Feed/UserBottom.js": {"path":"/Users/vinhtran/Desktop/junior/fall/SWE/f23-adventurista/frontend/Screens/Feed/UserBottom.js","statementMap":{"0":{"start":{"line":10,"column":19},"end":{"line":108,"column":3}},"1":{"start":{"line":12,"column":43},"end":{"line":12,"column":48}},"2":{"start":{"line":13,"column":17},"end":{"line":13,"column":44}},"3":{"start":{"line":14,"column":21},"end":{"line":14,"column":34}},"4":{"start":{"line":15,"column":20},"end":{"line":15,"column":73}},"5":{"start":{"line":16,"column":24},"end":{"line":16,"column":82}},"6":{"start":{"line":17,"column":46},"end":{"line":17,"column":58}},"7":{"start":{"line":18,"column":26},"end":{"line":18,"column":37}},"8":{"start":{"line":19,"column":32},"end":{"line":19,"column":147}},"9":{"start":{"line":19,"column":94},"end":{"line":19,"column":145}},"10":{"start":{"line":20,"column":36},"end":{"line":20,"column":96}},"11":{"start":{"line":20,"column":75},"end":{"line":20,"column":94}},"12":{"start":{"line":21,"column":38},"end":{"line":21,"column":108}},"13":{"start":{"line":21,"column":87},"end":{"line":21,"column":106}},"14":{"start":{"line":23,"column":4},"end":{"line":34,"column":32}},"15":{"start":{"line":24,"column":8},"end":{"line":33,"column":11}},"16":{"start":{"line":26,"column":12},"end":{"line":26,"column":44}},"17":{"start":{"line":27,"column":12},"end":{"line":27,"column":46}},"18":{"start":{"line":31,"column":12},"end":{"line":31,"column":73}},"19":{"start":{"line":32,"column":12},"end":{"line":32,"column":31}},"20":{"start":{"line":37,"column":28},"end":{"line":66,"column":7}},"21":{"start":{"line":38,"column":8},"end":{"line":65,"column":9}},"22":{"start":{"line":39,"column":27},"end":{"line":42,"column":12}},"23":{"start":{"line":44,"column":10},"end":{"line":60,"column":11}},"24":{"start":{"line":45,"column":32},"end":{"line":45,"column":45}},"25":{"start":{"line":47,"column":12},"end":{"line":47,"column":31}},"26":{"start":{"line":50,"column":12},"end":{"line":54,"column":16}},"27":{"start":{"line":56,"column":12},"end":{"line":56,"column":56}},"28":{"start":{"line":59,"column":12},"end":{"line":59,"column":60}},"29":{"start":{"line":63,"column":10},"end":{"line":63,"column":27}},"30":{"start":{"line":64,"column":10},"end":{"line":64,"column":80}},"31":{"start":{"line":68,"column":4},"end":{"line":107,"column":5}},"32":{"start":{"line":110,"column":17},"end":{"line":121,"column":4}}},"fnMap":{"0":{"name":"(anonymous_0)","decl":{"start":{"line":10,"column":19},"end":{"line":10,"column":20}},"loc":{"start":{"line":10,"column":30},"end":{"line":108,"column":3}},"line":10},"1":{"name":"(anonymous_1)","decl":{"start":{"line":19,"column":85},"end":{"line":19,"column":86}},"loc":{"start":{"line":19,"column":94},"end":{"line":19,"column":145}},"line":19},"2":{"name":"(anonymous_2)","decl":{"start":{"line":20,"column":63},"end":{"line":20,"column":64}},"loc":{"start":{"line":20,"column":75},"end":{"line":20,"column":94}},"line":20},"3":{"name":"(anonymous_3)","decl":{"start":{"line":21,"column":75},"end":{"line":21,"column":76}},"loc":{"start":{"line":21,"column":87},"end":{"line":21,"column":106}},"line":21},"4":{"name":"(anonymous_4)","decl":{"start":{"line":23,"column":14},"end":{"line":23,"column":15}},"loc":{"start":{"line":23,"column":20},"end":{"line":34,"column":5}},"line":23},"5":{"name":"(anonymous_5)","decl":{"start":{"line":25,"column":14},"end":{"line":25,"column":15}},"loc":{"start":{"line":25,"column":28},"end":{"line":29,"column":9}},"line":25},"6":{"name":"(anonymous_6)","decl":{"start":{"line":30,"column":15},"end":{"line":30,"column":16}},"loc":{"start":{"line":30,"column":26},"end":{"line":33,"column":9}},"line":30},"7":{"name":"(anonymous_7)","decl":{"start":{"line":37,"column":28},"end":{"line":37,"column":29}},"loc":{"start":{"line":37,"column":40},"end":{"line":66,"column":7}},"line":37}},"branchMap":{"0":{"loc":{"start":{"line":19,"column":42},"end":{"line":19,"column":76}},"type":"binary-expr","locations":[{"start":{"line":19,"column":42},"end":{"line":19,"column":70}},{"start":{"line":19,"column":74},"end":{"line":19,"column":76}}],"line":19},"1":{"loc":{"start":{"line":19,"column":96},"end":{"line":19,"column":128}},"type":"binary-expr","locations":[{"start":{"line":19,"column":96},"end":{"line":19,"column":122}},{"start":{"line":19,"column":126},"end":{"line":19,"column":128}}],"line":19},"2":{"loc":{"start":{"line":44,"column":10},"end":{"line":60,"column":11}},"type":"if","locations":[{"start":{"line":44,"column":10},"end":{"line":60,"column":11}},{"start":{"line":58,"column":17},"end":{"line":60,"column":11}}],"line":44},"3":{"loc":{"start":{"line":77,"column":17},"end":{"line":92,"column":21}},"type":"cond-expr","locations":[{"start":{"line":78,"column":20},"end":{"line":86,"column":25}},{"start":{"line":89,"column":20},"end":{"line":91,"column":27}}],"line":77},"4":{"loc":{"start":{"line":78,"column":20},"end":{"line":86,"column":25}},"type":"cond-expr","locations":[{"start":{"line":79,"column":24},"end":{"line":81,"column":31}},{"start":{"line":83,"column":24},"end":{"line":85,"column":43}}],"line":78},"5":{"loc":{"start":{"line":103,"column":86},"end":{"line":103,"column":123}},"type":"binary-expr","locations":[{"start":{"line":103,"column":86},"end":{"line":103,"column":116}},{"start":{"line":103,"column":120},"end":{"line":103,"column":123}}],"line":103},"6":{"loc":{"start":{"line":103,"column":135},"end":{"line":103,"column":156}},"type":"binary-expr","locations":[{"start":{"line":103,"column":135},"end":{"line":103,"column":149}},{"start":{"line":103,"column":153},"end":{"line":103,"column":156}}],"line":103}},"s":{"0":3,"1":3,"2":3,"3":3,"4":3,"5":3,"6":3,"7":3,"8":3,"9":0,"10":3,"11":3,"12":3,"13":3,"14":3,"15":1,"16":1,"17":1,"18":0,"19":0,"20":3,"21":1,"22":1,"23":1,"24":0,"25":0,"26":0,"27":0,"28":0,"29":1,"30":1,"31":3,"32":3},"f":{"0":3,"1":0,"2":3,"3":3,"4":1,"5":1,"6":0,"7":1},"b":{"0":[3,3],"1":[0,0],"2":[0,0],"3":[3,0],"4":[0,3],"5":[3,1],"6":[3,3]},"_coverageSchema":"1a1c01bbd47fc00a2c39e90264f33305004495a9","hash":"a0fd6cad599ff26ac298716451424d7c7706f87d"}
,"/Users/vinhtran/Desktop/junior/fall/SWE/f23-adventurista/frontend/Screens/Feed/UserTop.js": {"path":"/Users/vinhtran/Desktop/junior/fall/SWE/f23-adventurista/frontend/Screens/Feed/UserTop.js","statementMap":{"0":{"start":{"line":10,"column":16},"end":{"line":65,"column":3}},"1":{"start":{"line":12,"column":57},"end":{"line":12,"column":62}},"2":{"start":{"line":13,"column":17},"end":{"line":13,"column":44}},"3":{"start":{"line":14,"column":20},"end":{"line":14,"column":73}},"4":{"start":{"line":15,"column":28},"end":{"line":15,"column":116}},"5":{"start":{"line":16,"column":46},"end":{"line":16,"column":58}},"6":{"start":{"line":17,"column":34},"end":{"line":17,"column":46}},"7":{"start":{"line":19,"column":30},"end":{"line":21,"column":5}},"8":{"start":{"line":20,"column":8},"end":{"line":20,"column":75}},"9":{"start":{"line":23,"column":4},"end":{"line":41,"column":16}},"10":{"start":{"line":24,"column":8},"end":{"line":32,"column":11}},"11":{"start":{"line":26,"column":12},"end":{"line":26,"column":44}},"12":{"start":{"line":30,"column":12},"end":{"line":30,"column":63}},"13":{"start":{"line":31,"column":12},"end":{"line":31,"column":31}},"14":{"start":{"line":33,"column":8},"end":{"line":40,"column":11}},"15":{"start":{"line":35,"column":12},"end":{"line":35,"column":38}},"16":{"start":{"line":38,"column":12},"end":{"line":38,"column":51}},"17":{"start":{"line":39,"column":12},"end":{"line":39,"column":31}},"18":{"start":{"line":43,"column":4},"end":{"line":64,"column":5}},"19":{"start":{"line":57,"column":24},"end":{"line":59,"column":25}},"20":{"start":{"line":67,"column":17},"end":{"line":86,"column":4}}},"fnMap":{"0":{"name":"(anonymous_0)","decl":{"start":{"line":10,"column":16},"end":{"line":10,"column":17}},"loc":{"start":{"line":10,"column":27},"end":{"line":65,"column":3}},"line":10},"1":{"name":"(anonymous_1)","decl":{"start":{"line":19,"column":30},"end":{"line":19,"column":31}},"loc":{"start":{"line":19,"column":36},"end":{"line":21,"column":5}},"line":19},"2":{"name":"(anonymous_2)","decl":{"start":{"line":23,"column":14},"end":{"line":23,"column":15}},"loc":{"start":{"line":23,"column":20},"end":{"line":41,"column":5}},"line":23},"3":{"name":"(anonymous_3)","decl":{"start":{"line":25,"column":14},"end":{"line":25,"column":15}},"loc":{"start":{"line":25,"column":28},"end":{"line":28,"column":9}},"line":25},"4":{"name":"(anonymous_4)","decl":{"start":{"line":29,"column":15},"end":{"line":29,"column":16}},"loc":{"start":{"line":29,"column":26},"end":{"line":32,"column":9}},"line":29},"5":{"name":"(anonymous_5)","decl":{"start":{"line":34,"column":14},"end":{"line":34,"column":15}},"loc":{"start":{"line":34,"column":28},"end":{"line":36,"column":9}},"line":34},"6":{"name":"(anonymous_6)","decl":{"start":{"line":37,"column":15},"end":{"line":37,"column":16}},"loc":{"start":{"line":37,"column":26},"end":{"line":40,"column":9}},"line":37},"7":{"name":"(anonymous_7)","decl":{"start":{"line":56,"column":89},"end":{"line":56,"column":90}},"loc":{"start":{"line":56,"column":110},"end":{"line":60,"column":21}},"line":56}},"branchMap":{"0":{"loc":{"start":{"line":53,"column":103},"end":{"line":53,"column":125}},"type":"binary-expr","locations":[{"start":{"line":53,"column":103},"end":{"line":53,"column":118}},{"start":{"line":53,"column":122},"end":{"line":53,"column":125}}],"line":53},"1":{"loc":{"start":{"line":56,"column":21},"end":{"line":60,"column":22}},"type":"binary-expr","locations":[{"start":{"line":56,"column":21},"end":{"line":56,"column":57}},{"start":{"line":56,"column":61},"end":{"line":60,"column":22}}],"line":56}},"s":{"0":3,"1":5,"2":4,"3":4,"4":4,"5":2,"6":2,"7":2,"8":0,"9":2,"10":2,"11":2,"12":2,"13":2,"14":2,"15":2,"16":0,"17":0,"18":2,"19":0,"20":3},"f":{"0":5,"1":0,"2":2,"3":2,"4":2,"5":2,"6":0,"7":0},"b":{"0":[2,2],"1":[2,0]},"_coverageSchema":"1a1c01bbd47fc00a2c39e90264f33305004495a9","hash":"983e01e87f0ad6b1aa26d8c65216920ecd80f169"}
,"/Users/vinhtran/Desktop/junior/fall/SWE/f23-adventurista/frontend/Screens/Feed/Notifications/FollowRequest.js": {"path":"/Users/vinhtran/Desktop/junior/fall/SWE/f23-adventurista/frontend/Screens/Feed/Notifications/FollowRequest.js","statementMap":{"0":{"start":{"line":9,"column":22},"end":{"line":108,"column":1}},"1":{"start":{"line":11,"column":22},"end":{"line":11,"column":80}},"2":{"start":{"line":12,"column":30},"end":{"line":12,"column":95}},"3":{"start":{"line":13,"column":28},"end":{"line":13,"column":91}},"4":{"start":{"line":14,"column":36},"end":{"line":14,"column":48}},"5":{"start":{"line":15,"column":15},"end":{"line":15,"column":42}},"6":{"start":{"line":16,"column":19},"end":{"line":16,"column":32}},"7":{"start":{"line":18,"column":2},"end":{"line":29,"column":38}},"8":{"start":{"line":20,"column":4},"end":{"line":27,"column":7}},"9":{"start":{"line":22,"column":8},"end":{"line":22,"column":36}},"10":{"start":{"line":26,"column":8},"end":{"line":26,"column":27}},"11":{"start":{"line":34,"column":29},"end":{"line":61,"column":3}},"12":{"start":{"line":35,"column":4},"end":{"line":60,"column":5}},"13":{"start":{"line":36,"column":23},"end":{"line":39,"column":8}},"14":{"start":{"line":41,"column":6},"end":{"line":55,"column":7}},"15":{"start":{"line":42,"column":28},"end":{"line":42,"column":41}},"16":{"start":{"line":45,"column":8},"end":{"line":49,"column":12}},"17":{"start":{"line":51,"column":8},"end":{"line":51,"column":47}},"18":{"start":{"line":54,"column":8},"end":{"line":54,"column":58}},"19":{"start":{"line":58,"column":6},"end":{"line":58,"column":23}},"20":{"start":{"line":59,"column":6},"end":{"line":59,"column":78}},"21":{"start":{"line":63,"column":27},"end":{"line":90,"column":3}},"22":{"start":{"line":64,"column":4},"end":{"line":89,"column":5}},"23":{"start":{"line":65,"column":23},"end":{"line":68,"column":8}},"24":{"start":{"line":70,"column":6},"end":{"line":84,"column":7}},"25":{"start":{"line":71,"column":28},"end":{"line":71,"column":41}},"26":{"start":{"line":74,"column":8},"end":{"line":78,"column":12}},"27":{"start":{"line":81,"column":8},"end":{"line":81,"column":57}},"28":{"start":{"line":83,"column":8},"end":{"line":83,"column":56}},"29":{"start":{"line":87,"column":6},"end":{"line":87,"column":23}},"30":{"start":{"line":88,"column":6},"end":{"line":88,"column":76}},"31":{"start":{"line":92,"column":2},"end":{"line":107,"column":4}},"32":{"start":{"line":110,"column":15},"end":{"line":148,"column":2}}},"fnMap":{"0":{"name":"(anonymous_0)","decl":{"start":{"line":9,"column":22},"end":{"line":9,"column":23}},"loc":{"start":{"line":9,"column":43},"end":{"line":108,"column":1}},"line":9},"1":{"name":"(anonymous_1)","decl":{"start":{"line":18,"column":12},"end":{"line":18,"column":13}},"loc":{"start":{"line":18,"column":18},"end":{"line":29,"column":3}},"line":18},"2":{"name":"(anonymous_2)","decl":{"start":{"line":21,"column":10},"end":{"line":21,"column":11}},"loc":{"start":{"line":21,"column":24},"end":{"line":24,"column":5}},"line":21},"3":{"name":"(anonymous_3)","decl":{"start":{"line":25,"column":11},"end":{"line":25,"column":12}},"loc":{"start":{"line":25,"column":22},"end":{"line":27,"column":5}},"line":25},"4":{"name":"(anonymous_4)","decl":{"start":{"line":34,"column":29},"end":{"line":34,"column":30}},"loc":{"start":{"line":34,"column":41},"end":{"line":61,"column":3}},"line":34},"5":{"name":"(anonymous_5)","decl":{"start":{"line":63,"column":27},"end":{"line":63,"column":28}},"loc":{"start":{"line":63,"column":39},"end":{"line":90,"column":3}},"line":63}},"branchMap":{"0":{"loc":{"start":{"line":29,"column":6},"end":{"line":29,"column":35}},"type":"binary-expr","locations":[{"start":{"line":29,"column":6},"end":{"line":29,"column":29}},{"start":{"line":29,"column":33},"end":{"line":29,"column":35}}],"line":29},"1":{"loc":{"start":{"line":41,"column":6},"end":{"line":55,"column":7}},"type":"if","locations":[{"start":{"line":41,"column":6},"end":{"line":55,"column":7}},{"start":{"line":53,"column":13},"end":{"line":55,"column":7}}],"line":41},"2":{"loc":{"start":{"line":70,"column":6},"end":{"line":84,"column":7}},"type":"if","locations":[{"start":{"line":70,"column":6},"end":{"line":84,"column":7}},{"start":{"line":82,"column":13},"end":{"line":84,"column":7}}],"line":70}},"s":{"0":2,"1":11,"2":11,"3":11,"4":11,"5":11,"6":11,"7":11,"8":8,"9":4,"10":2,"11":11,"12":1,"13":1,"14":0,"15":0,"16":0,"17":0,"18":0,"19":1,"20":1,"21":11,"22":1,"23":1,"24":0,"25":0,"26":0,"27":0,"28":0,"29":1,"30":1,"31":11,"32":2},"f":{"0":11,"1":8,"2":4,"3":2,"4":1,"5":1},"b":{"0":[11,11],"1":[0,0],"2":[0,0]},"_coverageSchema":"1a1c01bbd47fc00a2c39e90264f33305004495a9","hash":"4613e137eea8404afa97bce5e89d102769557896"}
,"/Users/vinhtran/Desktop/junior/fall/SWE/f23-adventurista/frontend/Screens/Feed/Notifications/Notifications.js": {"path":"/Users/vinhtran/Desktop/junior/fall/SWE/f23-adventurista/frontend/Screens/Feed/Notifications/Notifications.js","statementMap":{"0":{"start":{"line":10,"column":22},"end":{"line":30,"column":1}},"1":{"start":{"line":12,"column":15},"end":{"line":12,"column":42}},"2":{"start":{"line":15,"column":2},"end":{"line":29,"column":4}},"3":{"start":{"line":18,"column":62},"end":{"line":18,"column":81}},"4":{"start":{"line":25,"column":10},"end":{"line":25,"column":61}},"5":{"start":{"line":32,"column":15},"end":{"line":48,"column":2}}},"fnMap":{"0":{"name":"(anonymous_0)","decl":{"start":{"line":10,"column":22},"end":{"line":10,"column":23}},"loc":{"start":{"line":10,"column":42},"end":{"line":30,"column":1}},"line":10},"1":{"name":"(anonymous_1)","decl":{"start":{"line":18,"column":56},"end":{"line":18,"column":57}},"loc":{"start":{"line":18,"column":62},"end":{"line":18,"column":81}},"line":18},"2":{"name":"(anonymous_2)","decl":{"start":{"line":24,"column":36},"end":{"line":24,"column":37}},"loc":{"start":{"line":25,"column":10},"end":{"line":25,"column":61}},"line":25}},"branchMap":{},"s":{"0":1,"1":2,"2":2,"3":1,"4":4,"5":1},"f":{"0":2,"1":1,"2":4},"b":{},"_coverageSchema":"1a1c01bbd47fc00a2c39e90264f33305004495a9","hash":"12a3fb3769c6a284cd278429c86432608c75839f"}
,"/Users/vinhtran/Desktop/junior/fall/SWE/f23-adventurista/frontend/Screens/Post/Post.js": {"path":"/Users/vinhtran/Desktop/junior/fall/SWE/f23-adventurista/frontend/Screens/Post/Post.js","statementMap":{"0":{"start":{"line":14,"column":13},"end":{"line":358,"column":1}},"1":{"start":{"line":16,"column":18},"end":{"line":16,"column":75}},"2":{"start":{"line":18,"column":19},"end":{"line":18,"column":32}},"3":{"start":{"line":19,"column":15},"end":{"line":19,"column":42}},"4":{"start":{"line":21,"column":44},"end":{"line":21,"column":58}},"5":{"start":{"line":22,"column":36},"end":{"line":22,"column":48}},"6":{"start":{"line":23,"column":34},"end":{"line":23,"column":46}},"7":{"start":{"line":24,"column":32},"end":{"line":24,"column":44}},"8":{"start":{"line":25,"column":28},"end":{"line":25,"column":40}},"9":{"start":{"line":26,"column":26},"end":{"line":26,"column":38}},"10":{"start":{"line":27,"column":24},"end":{"line":27,"column":36}},"11":{"start":{"line":28,"column":26},"end":{"line":28,"column":38}},"12":{"start":{"line":29,"column":38},"end":{"line":29,"column":50}},"13":{"start":{"line":30,"column":48},"end":{"line":30,"column":59}},"14":{"start":{"line":32,"column":16},"end":{"line":37,"column":3}},"15":{"start":{"line":38,"column":16},"end":{"line":43,"column":3}},"16":{"start":{"line":44,"column":16},"end":{"line":49,"column":3}},"17":{"start":{"line":50,"column":17},"end":{"line":50,"column":102}},"18":{"start":{"line":51,"column":16},"end":{"line":51,"column":131}},"19":{"start":{"line":52,"column":15},"end":{"line":52,"column":66}},"20":{"start":{"line":53,"column":16},"end":{"line":78,"column":3}},"21":{"start":{"line":80,"column":28},"end":{"line":107,"column":3}},"22":{"start":{"line":81,"column":29},"end":{"line":81,"column":84}},"23":{"start":{"line":83,"column":4},"end":{"line":86,"column":5}},"24":{"start":{"line":84,"column":6},"end":{"line":84,"column":67}},"25":{"start":{"line":85,"column":6},"end":{"line":85,"column":13}},"26":{"start":{"line":88,"column":25},"end":{"line":92,"column":6}},"27":{"start":{"line":94,"column":4},"end":{"line":97,"column":5}},"28":{"start":{"line":95,"column":6},"end":{"line":95,"column":48}},"29":{"start":{"line":96,"column":6},"end":{"line":96,"column":13}},"30":{"start":{"line":99,"column":23},"end":{"line":99,"column":35}},"31":{"start":{"line":101,"column":4},"end":{"line":106,"column":5}},"32":{"start":{"line":102,"column":20},"end":{"line":102,"column":29}},"33":{"start":{"line":103,"column":22},"end":{"line":103,"column":27}},"34":{"start":{"line":104,"column":6},"end":{"line":104,"column":28}},"35":{"start":{"line":109,"column":22},"end":{"line":112,"column":3}},"36":{"start":{"line":110,"column":4},"end":{"line":110,"column":18}},"37":{"start":{"line":113,"column":21},"end":{"line":116,"column":3}},"38":{"start":{"line":114,"column":4},"end":{"line":114,"column":17}},"39":{"start":{"line":117,"column":20},"end":{"line":120,"column":3}},"40":{"start":{"line":118,"column":4},"end":{"line":118,"column":16}},"41":{"start":{"line":121,"column":21},"end":{"line":124,"column":3}},"42":{"start":{"line":122,"column":4},"end":{"line":122,"column":17}},"43":{"start":{"line":125,"column":27},"end":{"line":127,"column":3}},"44":{"start":{"line":126,"column":4},"end":{"line":126,"column":36}},"45":{"start":{"line":129,"column":25},"end":{"line":136,"column":3}},"46":{"start":{"line":130,"column":4},"end":{"line":134,"column":5}},"47":{"start":{"line":131,"column":6},"end":{"line":131,"column":89}},"48":{"start":{"line":131,"column":34},"end":{"line":131,"column":87}},"49":{"start":{"line":131,"column":67},"end":{"line":131,"column":86}},"50":{"start":{"line":132,"column":11},"end":{"line":134,"column":5}},"51":{"start":{"line":133,"column":6},"end":{"line":133,"column":54}},"52":{"start":{"line":133,"column":34},"end":{"line":133,"column":52}},"53":{"start":{"line":138,"column":22},"end":{"line":149,"column":3}},"54":{"start":{"line":139,"column":4},"end":{"line":139,"column":27}},"55":{"start":{"line":140,"column":4},"end":{"line":140,"column":21}},"56":{"start":{"line":141,"column":4},"end":{"line":141,"column":20}},"57":{"start":{"line":142,"column":4},"end":{"line":142,"column":19}},"58":{"start":{"line":143,"column":4},"end":{"line":143,"column":17}},"59":{"start":{"line":144,"column":4},"end":{"line":144,"column":16}},"60":{"start":{"line":145,"column":4},"end":{"line":145,"column":15}},"61":{"start":{"line":146,"column":4},"end":{"line":146,"column":16}},"62":{"start":{"line":147,"column":4},"end":{"line":147,"column":22}},"63":{"start":{"line":148,"column":4},"end":{"line":148,"column":26}},"64":{"start":{"line":152,"column":21},"end":{"line":235,"column":3}},"65":{"start":{"line":154,"column":4},"end":{"line":234,"column":5}},"66":{"start":{"line":155,"column":23},"end":{"line":164,"column":8}},"67":{"start":{"line":165,"column":6},"end":{"line":230,"column":7}},"68":{"start":{"line":166,"column":28},"end":{"line":166,"column":46}},"69":{"start":{"line":167,"column":24},"end":{"line":167,"column":51}},"70":{"start":{"line":170,"column":8},"end":{"line":217,"column":9}},"71":{"start":{"line":171,"column":27},"end":{"line":171,"column":71}},"72":{"start":{"line":172,"column":10},"end":{"line":175,"column":11}},"73":{"start":{"line":173,"column":12},"end":{"line":173,"column":48}},"74":{"start":{"line":174,"column":12},"end":{"line":174,"column":19}},"75":{"start":{"line":177,"column":35},"end":{"line":181,"column":11}},"76":{"start":{"line":183,"column":28},"end":{"line":185,"column":63}},"77":{"start":{"line":184,"column":32},"end":{"line":184,"column":54}},"78":{"start":{"line":185,"column":35},"end":{"line":185,"column":62}},"79":{"start":{"line":187,"column":10},"end":{"line":214,"column":15}},"80":{"start":{"line":190,"column":14},"end":{"line":190,"column":64}},"81":{"start":{"line":191,"column":14},"end":{"line":209,"column":15}},"82":{"start":{"line":192,"column":34},"end":{"line":200,"column":17}},"83":{"start":{"line":201,"column":16},"end":{"line":205,"column":17}},"84":{"start":{"line":202,"column":18},"end":{"line":202,"column":73}},"85":{"start":{"line":204,"column":18},"end":{"line":204,"column":67}},"86":{"start":{"line":207,"column":16},"end":{"line":207,"column":33}},"87":{"start":{"line":208,"column":16},"end":{"line":208,"column":106}},"88":{"start":{"line":212,"column":14},"end":{"line":212,"column":60}},"89":{"start":{"line":213,"column":14},"end":{"line":213,"column":33}},"90":{"start":{"line":216,"column":10},"end":{"line":216,"column":68}},"91":{"start":{"line":220,"column":8},"end":{"line":220,"column":35}},"92":{"start":{"line":221,"column":8},"end":{"line":224,"column":12}},"93":{"start":{"line":225,"column":8},"end":{"line":225,"column":22}},"94":{"start":{"line":226,"column":8},"end":{"line":226,"column":41}},"95":{"start":{"line":227,"column":8},"end":{"line":227,"column":50}},"96":{"start":{"line":229,"column":8},"end":{"line":229,"column":47}},"97":{"start":{"line":232,"column":6},"end":{"line":232,"column":23}},"98":{"start":{"line":233,"column":6},"end":{"line":233,"column":76}},"99":{"start":{"line":237,"column":2},"end":{"line":357,"column":4}},"100":{"start":{"line":284,"column":36},"end":{"line":284,"column":54}},"101":{"start":{"line":295,"column":36},"end":{"line":295,"column":53}},"102":{"start":{"line":320,"column":36},"end":{"line":320,"column":52}},"103":{"start":{"line":339,"column":29},"end":{"line":339,"column":68}},"104":{"start":{"line":346,"column":29},"end":{"line":346,"column":50}},"105":{"start":{"line":360,"column":19},"end":{"line":369,"column":1}},"106":{"start":{"line":371,"column":15},"end":{"line":461,"column":2}}},"fnMap":{"0":{"name":"(anonymous_0)","decl":{"start":{"line":14,"column":13},"end":{"line":14,"column":14}},"loc":{"start":{"line":14,"column":33},"end":{"line":358,"column":1}},"line":14},"1":{"name":"(anonymous_1)","decl":{"start":{"line":80,"column":28},"end":{"line":80,"column":29}},"loc":{"start":{"line":80,"column":40},"end":{"line":107,"column":3}},"line":80},"2":{"name":"(anonymous_2)","decl":{"start":{"line":109,"column":22},"end":{"line":109,"column":23}},"loc":{"start":{"line":109,"column":31},"end":{"line":112,"column":3}},"line":109},"3":{"name":"(anonymous_3)","decl":{"start":{"line":113,"column":21},"end":{"line":113,"column":22}},"loc":{"start":{"line":113,"column":30},"end":{"line":116,"column":3}},"line":113},"4":{"name":"(anonymous_4)","decl":{"start":{"line":117,"column":20},"end":{"line":117,"column":21}},"loc":{"start":{"line":117,"column":29},"end":{"line":120,"column":3}},"line":117},"5":{"name":"(anonymous_5)","decl":{"start":{"line":121,"column":21},"end":{"line":121,"column":22}},"loc":{"start":{"line":121,"column":30},"end":{"line":124,"column":3}},"line":121},"6":{"name":"(anonymous_6)","decl":{"start":{"line":125,"column":27},"end":{"line":125,"column":28}},"loc":{"start":{"line":125,"column":36},"end":{"line":127,"column":3}},"line":125},"7":{"name":"(anonymous_7)","decl":{"start":{"line":129,"column":25},"end":{"line":129,"column":26}},"loc":{"start":{"line":129,"column":34},"end":{"line":136,"column":3}},"line":129},"8":{"name":"(anonymous_8)","decl":{"start":{"line":131,"column":20},"end":{"line":131,"column":21}},"loc":{"start":{"line":131,"column":34},"end":{"line":131,"column":87}},"line":131},"9":{"name":"(anonymous_9)","decl":{"start":{"line":131,"column":50},"end":{"line":131,"column":51}},"loc":{"start":{"line":131,"column":67},"end":{"line":131,"column":86}},"line":131},"10":{"name":"(anonymous_10)","decl":{"start":{"line":133,"column":20},"end":{"line":133,"column":21}},"loc":{"start":{"line":133,"column":34},"end":{"line":133,"column":52}},"line":133},"11":{"name":"(anonymous_11)","decl":{"start":{"line":138,"column":22},"end":{"line":138,"column":23}},"loc":{"start":{"line":138,"column":28},"end":
[...]
nonymous_4)","decl":{"start":{"line":30,"column":12},"end":{"line":30,"column":13}},"loc":{"start":{"line":30,"column":18},"end":{"line":33,"column":3}},"line":30},"5":{"name":"(anonymous_5)","decl":{"start":{"line":83,"column":41},"end":{"line":83,"column":42}},"loc":{"start":{"line":83,"column":57},"end":{"line":87,"column":13}},"line":83},"6":{"name":"(anonymous_6)","decl":{"start":{"line":103,"column":31},"end":{"line":103,"column":32}},"loc":{"start":{"line":103,"column":51},"end":{"line":107,"column":11}},"line":103}},"branchMap":{"0":{"loc":{"start":{"line":19,"column":40},"end":{"line":19,"column":65}},"type":"binary-expr","locations":[{"start":{"line":19,"column":40},"end":{"line":19,"column":59}},{"start":{"line":19,"column":63},"end":{"line":19,"column":65}}],"line":19},"1":{"loc":{"start":{"line":63,"column":30},"end":{"line":63,"column":53}},"type":"binary-expr","locations":[{"start":{"line":63,"column":30},"end":{"line":63,"column":47}},{"start":{"line":63,"column":51},"end":{"line":63,"column":53}}],"line":63},"2":{"loc":{"start":{"line":64,"column":30},"end":{"line":64,"column":49}},"type":"binary-expr","locations":[{"start":{"line":64,"column":30},"end":{"line":64,"column":43}},{"start":{"line":64,"column":47},"end":{"line":64,"column":49}}],"line":64},"3":{"loc":{"start":{"line":83,"column":14},"end":{"line":83,"column":35}},"type":"binary-expr","locations":[{"start":{"line":83,"column":14},"end":{"line":83,"column":29}},{"start":{"line":83,"column":33},"end":{"line":83,"column":35}}],"line":83},"4":{"loc":{"start":{"line":102,"column":8},"end":{"line":113,"column":17}},"type":"cond-expr","locations":[{"start":{"line":103,"column":10},"end":{"line":107,"column":12}},{"start":{"line":109,"column":10},"end":{"line":113,"column":17}}],"line":102},"5":{"loc":{"start":{"line":102,"column":9},"end":{"line":102,"column":32}},"type":"binary-expr","locations":[{"start":{"line":102,"column":9},"end":{"line":102,"column":26}},{"start":{"line":102,"column":30},"end":{"line":102,"column":32}}],"line":102}},"s":{"0":1,"1":2,"2":2,"3":2,"4":2,"5":2,"6":0,"7":2,"8":0,"9":2,"10":0,"11":0,"12":2,"13":1,"14":1,"15":2,"16":0,"17":0,"18":1},"f":{"0":2,"1":0,"2":0,"3":0,"4":1,"5":0,"6":0},"b":{"0":[2,2],"1":[2,2],"2":[2,2],"3":[2,2],"4":[0,2],"5":[2,2]},"_coverageSchema":"1a1c01bbd47fc00a2c39e90264f33305004495a9","hash":"192ef3c4388cac0af2fe1968459d5bcc695736c1"}
,"/Users/vinhtran/Desktop/junior/fall/SWE/f23-adventurista/frontend/Screens/SavedEvents/SavedEvents.js": {"path":"/Users/vinhtran/Desktop/junior/fall/SWE/f23-adventurista/frontend/Screens/SavedEvents/SavedEvents.js","statementMap":{"0":{"start":{"line":10,"column":20},"end":{"line":51,"column":1}},"1":{"start":{"line":12,"column":15},"end":{"line":12,"column":42}},"2":{"start":{"line":14,"column":18},"end":{"line":14,"column":89}},"3":{"start":{"line":16,"column":40},"end":{"line":16,"column":52}},"4":{"start":{"line":18,"column":2},"end":{"line":27,"column":32}},"5":{"start":{"line":19,"column":4},"end":{"line":26,"column":9}},"6":{"start":{"line":21,"column":8},"end":{"line":21,"column":38}},"7":{"start":{"line":25,"column":8},"end":{"line":25,"column":27}},"8":{"start":{"line":29,"column":2},"end":{"line":50,"column":4}},"9":{"start":{"line":38,"column":12},"end":{"line":40,"column":13}},"10":{"start":{"line":53,"column":15},"end":{"line":77,"column":2}}},"fnMap":{"0":{"name":"(anonymous_0)","decl":{"start":{"line":10,"column":20},"end":{"line":10,"column":21}},"loc":{"start":{"line":10,"column":40},"end":{"line":51,"column":1}},"line":10},"1":{"name":"(anonymous_1)","decl":{"start":{"line":18,"column":12},"end":{"line":18,"column":13}},"loc":{"start":{"line":18,"column":18},"end":{"line":27,"column":3}},"line":18},"2":{"name":"(anonymous_2)","decl":{"start":{"line":20,"column":12},"end":{"line":20,"column":13}},"loc":{"start":{"line":20,"column":26},"end":{"line":23,"column":7}},"line":20},"3":{"name":"(anonymous_3)","decl":{"start":{"line":24,"column":13},"end":{"line":24,"column":14}},"loc":{"start":{"line":24,"column":24},"end":{"line":26,"column":7}},"line":24},"4":{"name":"(anonymous_4)","decl":{"start":{"line":37,"column":28},"end":{"line":37,"column":29}},"loc":{"start":{"line":37,"column":49},"end":{"line":41,"column":13}},"line":37}},"branchMap":{"0":{"loc":{"start":{"line":27,"column":6},"end":{"line":27,"column":29}},"type":"binary-expr","locations":[{"start":{"line":27,"column":6},"end":{"line":27,"column":23}},{"start":{"line":27,"column":27},"end":{"line":27,"column":29}}],"line":27},"1":{"loc":{"start":{"line":36,"column":12},"end":{"line":45,"column":19}},"type":"cond-expr","locations":[{"start":{"line":37,"column":12},"end":{"line":41,"column":14}},{"start":{"line":43,"column":12},"end":{"line":45,"column":19}}],"line":36}},"s":{"0":1,"1":4,"2":4,"3":4,"4":4,"5":2,"6":2,"7":0,"8":4,"9":1,"10":1},"f":{"0":4,"1":2,"2":2,"3":0,"4":1},"b":{"0":[4,0],"1":[1,3]},"_coverageSchema":"1a1c01bbd47fc00a2c39e90264f33305004495a9","hash":"1627ea19ae7245ca1f510ab4ec427d11ec676e7a"}
,"/Users/vinhtran/Desktop/junior/fall/SWE/f23-adventurista/frontend/Shared/AttendingUser.js": {"path":"/Users/vinhtran/Desktop/junior/fall/SWE/f23-adventurista/frontend/Shared/AttendingUser.js","statementMap":{"0":{"start":{"line":8,"column":22},"end":{"line":93,"column":1}},"1":{"start":{"line":10,"column":18},"end":{"line":10,"column":71}},"2":{"start":{"line":11,"column":22},"end":{"line":11,"column":80}},"3":{"start":{"line":13,"column":15},"end":{"line":13,"column":42}},"4":{"start":{"line":14,"column":19},"end":{"line":14,"column":32}},"5":{"start":{"line":15,"column":43},"end":{"line":15,"column":55}},"6":{"start":{"line":16,"column":42},"end":{"line":16,"column":74}},"7":{"start":{"line":17,"column":34},"end":{"line":17,"column":94}},"8":{"start":{"line":17,"column":73},"end":{"line":17,"column":92}},"9":{"start":{"line":18,"column":36},"end":{"line":18,"column":106}},"10":{"start":{"line":18,"column":85},"end":{"line":18,"column":104}},"11":{"start":{"line":20,"column":2},"end":{"line":30,"column":13}},"12":{"start":{"line":21,"column":4},"end":{"line":29,"column":9}},"13":{"start":{"line":23,"column":8},"end":{"line":23,"column":40}},"14":{"start":{"line":27,"column":8},"end":{"line":27,"column":59}},"15":{"start":{"line":28,"column":8},"end":{"line":28,"column":27}},"16":{"start":{"line":32,"column":28},"end":{"line":34,"column":3}},"17":{"start":{"line":33,"column":4},"end":{"line":33,"column":70}},"18":{"start":{"line":36,"column":26},"end":{"line":65,"column":3}},"19":{"start":{"line":37,"column":4},"end":{"line":64,"column":5}},"20":{"start":{"line":38,"column":23},"end":{"line":41,"column":8}},"21":{"start":{"line":43,"column":6},"end":{"line":59,"column":7}},"22":{"start":{"line":44,"column":28},"end":{"line":44,"column":41}},"23":{"start":{"line":45,"column":8},"end":{"line":45,"column":33}},"24":{"start":{"line":46,"column":8},"end":{"line":46,"column":27}},"25":{"start":{"line":49,"column":8},"end":{"line":53,"column":12}},"26":{"start":{"line":55,"column":8},"end":{"line":55,"column":52}},"27":{"start":{"line":58,"column":8},"end":{"line":58,"column":56}},"28":{"start":{"line":62,"column":6},"end":{"line":62,"column":23}},"29":{"start":{"line":63,"column":6},"end":{"line":63,"column":76}},"30":{"start":{"line":67,"column":2},"end":{"line":92,"column":4}},"31":{"start":{"line":95,"column":15},"end":{"line":133,"column":2}}},"fnMap":{"0":{"name":"(anonymous_0)","decl":{"start":{"line":8,"column":22},"end":{"line":8,"column":23}},"loc":{"start":{"line":8,"column":59},"end":{"line":93,"column":1}},"line":8},"1":{"name":"(anonymous_1)","decl":{"start":{"line":17,"column":61},"end":{"line":17,"column":62}},"loc":{"start":{"line":17,"column":73},"end":{"line":17,"column":92}},"line":17},"2":{"name":"(anonymous_2)","decl":{"start":{"line":18,"column":73},"end":{"line":18,"column":74}},"loc":{"start":{"line":18,"column":85},"end":{"line":18,"column":104}},"line":18},"3":{"name":"(anonymous_3)","decl":{"start":{"line":20,"column":12},"end":{"line":20,"column":13}},"loc":{"start":{"line":20,"column":18},"end":{"line":30,"column":3}},"line":20},"4":{"name":"(anonymous_4)","decl":{"start":{"line":22,"column":12},"end":{"line":22,"column":13}},"loc":{"start":{"line":22,"column":26},"end":{"line":25,"column":7}},"line":22},"5":{"name":"(anonymous_5)","decl":{"start":{"line":26,"column":13},"end":{"line":26,"column":14}},"loc":{"start":{"line":26,"column":24},"end":{"line":29,"column":7}},"line":26},"6":{"name":"(anonymous_6)","decl":{"start":{"line":32,"column":28},"end":{"line":32,"column":29}},"loc":{"start":{"line":32,"column":34},"end":{"line":34,"column":3}},"line":32},"7":{"name":"(anonymous_7)","decl":{"start":{"line":36,"column":26},"end":{"line":36,"column":27}},"loc":{"start":{"line":36,"column":38},"end":{"line":65,"column":3}},"line":36}},"branchMap":{"0":{"loc":{"start":{"line":43,"column":6},"end":{"line":59,"column":7}},"type":"if","locations":[{"start":{"line":43,"column":6},"end":{"line":59,"column":7}},{"start":{"line":57,"column":13},"end":{"line":59,"column":7}}],"line":43},"1":{"loc":{"start":{"line":72,"column":68},"end":{"line":72,"column":114}},"type":"binary-expr","locations":[{"start":{"line":72,"column":68},"end":{"line":72,"column":104}},{"start":{"line":72,"column":108},"end":{"line":72,"column":114}}],"line":72},"2":{"loc":{"start":{"line":72,"column":117},"end":{"line":72,"column":204}},"type":"binary-expr","locations":[{"start":{"line":72,"column":118},"end":{"line":72,"column":150}},{"start":{"line":72,"column":154},"end":{"line":72,"column":190}},{"start":{"line":72,"column":195},"end":{"line":72,"column":204}}],"line":72},"3":{"loc":{"start":{"line":75,"column":11},"end":{"line":78,"column":31}},"type":"binary-expr","locations":[{"start":{"line":75,"column":12},"end":{"line":75,"column":25}},{"start":{"line":75,"column":29},"end":{"line":75,"column":39}},{"start":{"line":75,"column":43},"end":{"line":75,"column":52}},{"start":{"line":76,"column":12},"end":{"line":78,"column":31}}],"line":75},"4":{"loc":{"start":{"line":80,"column":11},"end":{"line":83,"column":19}},"type":"binary-expr","locations":[{"start":{"line":80,"column":11},"end":{"line":80,"column":19}},{"start":{"line":81,"column":12},"end":{"line":83,"column":19}}],"line":80},"5":{"loc":{"start":{"line":85,"column":11},"end":{"line":88,"column":19}},"type":"binary-expr","locations":[{"start":{"line":85,"column":12},"end":{"line":85,"column":25}},{"start":{"line":85,"column":29},"end":{"line":85,"column":38}},{"start":{"line":86,"column":12},"end":{"line":88,"column":19}}],"line":85}},"s":{"0":3,"1":4,"2":4,"3":4,"4":4,"5":4,"6":4,"7":4,"8":2,"9":2,"10":2,"11":2,"12":1,"13":1,"14":0,"15":0,"16":2,"17":0,"18":2,"19":0,"20":0,"21":0,"22":0,"23":0,"24":0,"25":0,"26":0,"27":0,"28":0,"29":0,"30":2,"31":3},"f":{"0":4,"1":2,"2":2,"3":1,"4":1,"5":0,"6":0,"7":0},"b":{"0":[0,0],"1":[2,0],"2":[2,0,0],"3":[2,2,2,2],"4":[2,0],"5":[2,2,0]},"_coverageSchema":"1a1c01bbd47fc00a2c39e90264f33305004495a9","hash":"411f81e6c4850aae079f493f1b2f4c3807c5b158"}
,"/Users/vinhtran/Desktop/junior/fall/SWE/f23-adventurista/frontend/Shared/BubbleText.js": {"path":"/Users/vinhtran/Desktop/junior/fall/SWE/f23-adventurista/frontend/Shared/BubbleText.js","statementMap":{"0":{"start":{"line":4,"column":19},"end":{"line":13,"column":1}},"1":{"start":{"line":5,"column":23},"end":{"line":5,"column":28}},"2":{"start":{"line":6,"column":20},"end":{"line":6,"column":25}},"3":{"start":{"line":8,"column":2},"end":{"line":12,"column":4}},"4":{"start":{"line":15,"column":15},"end":{"line":36,"column":2}}},"fnMap":{"0":{"name":"(anonymous_0)","decl":{"start":{"line":4,"column":19},"end":{"line":4,"column":20}},"loc":{"start":{"line":4,"column":30},"end":{"line":13,"column":1}},"line":4}},"branchMap":{"0":{"loc":{"start":{"line":9,"column":67},"end":{"line":9,"column":97}},"type":"binary-expr","locations":[{"start":{"line":9,"column":67},"end":{"line":9,"column":75}},{"start":{"line":9,"column":79},"end":{"line":9,"column":97}}],"line":9}},"s":{"0":12,"1":40,"2":40,"3":40,"4":12},"f":{"0":40},"b":{"0":[40,1]},"_coverageSchema":"1a1c01bbd47fc00a2c39e90264f33305004495a9","hash":"c0a871ed20c7af01fe6b6cbbbf9d0feae23d0aa8"}
,"/Users/vinhtran/Desktop/junior/fall/SWE/f23-adventurista/frontend/Shared/EventCard.js": {"path":"/Users/vinhtran/Desktop/junior/fall/SWE/f23-adventurista/frontend/Shared/EventCard.js","statementMap":{"0":{"start":{"line":9,"column":18},"end":{"line":62,"column":1}},"1":{"start":{"line":11,"column":18},"end":{"line":11,"column":62}},"2":{"start":{"line":12,"column":41},"end":{"line":12,"column":46}},"3":{"start":{"line":13,"column":29},"end":{"line":13,"column":41}},"4":{"start":{"line":14,"column":15},"end":{"line":14,"column":42}},"5":{"start":{"line":16,"column":2},"end":{"line":25,"column":18}},"6":{"start":{"line":17,"column":4},"end":{"line":24,"column":7}},"7":{"start":{"line":19,"column":8},"end":{"line":19,"column":33}},"8":{"start":{"line":22,"column":8},"end":{"line":22,"column":39}},"9":{"start":{"line":23,"column":8},"end":{"line":23,"column":27}},"10":{"start":{"line":27,"column":2},"end":{"line":61,"column":4}},"11":{"start":{"line":33,"column":70},"end":{"line":33,"column":156}},"12":{"start":{"line":64,"column":15},"end":{"line":90,"column":2}}},"fnMap":{"0":{"name":"(anonymous_0)","decl":{"start":{"line":9,"column":18},"end":{"line":9,"column":19}},"loc":{"start":{"line":9,"column":29},"end":{"line":62,"column":1}},"line":9},"1":{"name":"(anonymous_1)","decl":{"start":{"line":16,"column":12},"end":{"line":16,"column":13}},"loc":{"start":{"line":16,"column":18},"end":{"line":25,"column":1}},"line":16},"2":{"name":"(anonymous_2)","decl":{"start":{"line":18,"column":10},"end":{"line":18,"column":11}},"loc":{"start":{"line":18,"column":24},"end":{"line":20,"column":5}},"line":18},"3":{"name":"(anonymous_3)","decl":{"start":{"line":21,"column":11},"end":{"line":21,"column":12}},"loc":{"start":{"line":21,"column":22},"end":{"line":24,"column":5}},"line":21},"4":{"name":"(anonymous_4)","decl":{"start":{"line":33,"column":64},"end":{"line":33,"column":65}},"loc":{"start":{"line":33,"column":70},"end":{"line":33,"column":156}},"line":33}},"branchMap":{"0":{"loc":{"start":{"line":49,"column":127},"end":{"line":49,"column":157}},"type":"binary-expr","locations":[{"start":{"line":49,"column":127},"end":{"line":49,"column":152}},{"start":{"line":49,"column":156},"end":{"line":49,"column":157}}],"line":49}},"s":{"0":10,"1":9,"2":9,"3":9,"4":9,"5":9,"6":5,"7":4,"8":1,"9":1,"10":9,"11":1,"12":10},"f":{"0":9,"1":5,"2":4,"3":1,"4":1},"b":{"0":[9,4]},"_coverageSchema":"1a1c01bbd47fc00a2c39e90264f33305004495a9","hash":"8cd21fb12253b3484f65dcc88b72d5d2c6ab015d"}
,"/Users/vinhtran/Desktop/junior/fall/SWE/f23-adventurista/frontend/Shared/EventDetails.js": {"path":"/Users/vinhtran/Desktop/junior/fall/SWE/f23-adventurista/frontend/Shared/EventDetails.js","statementMap":{"0":{"start":{"line":9,"column":21},"end":{"line":121,"column":3}},"1":{"start":{"line":11,"column":27},"end":{"line":11,"column":86}},"2":{"start":{"line":12,"column":17},"end":{"line":12,"column":44}},"3":{"start":{"line":13,"column":21},"end":{"line":13,"column":34}},"4":{"start":{"line":14,"column":39},"end":{"line":14,"column":51}},"5":{"start":{"line":15,"column":42},"end":{"line":15,"column":113}},"6":{"start":{"line":15,"column":86},"end":{"line":15,"column":111}},"7":{"start":{"line":17,"column":30},"end":{"line":19,"column":5}},"8":{"start":{"line":18,"column":8},"end":{"line":18,"column":67}},"9":{"start":{"line":21,"column":30},"end":{"line":45,"column":7}},"10":{"start":{"line":22,"column":8},"end":{"line":44,"column":9}},"11":{"start":{"line":23,"column":29},"end":{"line":26,"column":12}},"12":{"start":{"line":27,"column":10},"end":{"line":40,"column":11}},"13":{"start":{"line":28,"column":32},"end":{"line":28,"column":45}},"14":{"start":{"line":29,"column":12},"end":{"line":29,"column":33}},"15":{"start":{"line":31,"column":12},"end":{"line":35,"column":16}},"16":{"start":{"line":37,"column":12},"end":{"line":37,"column":69}},"17":{"start":{"line":39,"column":12},"end":{"line":39,"column":68}},"18":{"start":{"line":42,"column":10},"end":{"line":42,"column":27}},"19":{"start":{"line":43,"column":10},"end":{"line":43,"column":103}},"20":{"start":{"line":47,"column":4},"end":{"line":120,"column":5}},"21":{"start":{"line":50,"column":49},"end":{"line":50,"column":68}},"22":{"start":{"line":100,"column":16},"end":{"line":102,"column":17}},"23":{"start":{"line":123,"column":17},"end":{"line":158,"column":4}}},"fnMap":{"0":{"name":"(anonymous_0)","decl":{"start":{"line":9,"column":21},"end":{"line":9,"column":22}},"loc":{"start":{"line":9,"column":48},"end":{"line":121,"column":3}},"line":9},"1":{"name":"(anonymous_1)","decl":{"start":{"line":15,"column":75},"end":{"line":15,"column":76}},"loc":{"start":{"line":15,"column":86},"end":{"line":15,"column":111}},"line":15},"2":{"name":"(anonymous_2)","decl":{"start":{"line":17,"column":30},"end":{"line":17,"column":31}},"loc":{"start":{"line":17,"column":36},"end":{"line":19,"column":5}},"line":17},"3":{"name":"(anonymous_3)","decl":{"start":{"line":21,"column":30},"end":{"line":21,"column":31}},"loc":{"start":{"line":21,"column":42},"end":{"line":45,"column":7}},"line":21},"4":{"name":"(anonymous_4)","decl":{"start":{"line":50,"column":43},"end":{"line":50,"column":44}},"loc":{"start":{"line":50,"column":49},"end":{"line":50,"column":68}},"line":50},"5":{"name":"(anonymous_5)","decl":{"start":{"line":99,"column":37},"end":{"line":99,"column":38}},"loc":{"start":{"line":99,"column":56},"end":{"line":103,"column":17}},"line":99}},"branchMap":{"0":{"loc":{"start":{"line":27,"column":10},"end":{"line":40,"column":11}},"type":"if","locations":[{"start":{"line":27,"column":10},"end":{"line":40,"column":11}},{"start":{"line":38,"column":17},"end":{"line":40,"column":11}}],"line":27},"1":{"loc":{"start":{"line":87,"column":17},"end":{"line":92,"column":76}},"type":"cond-expr","locations":[{"start":{"line":88,"column":16},"end":{"line":90,"column":35}},{"start":{"line":92,"column":16},"end":{"line":92,"column":76}}],"line":87},"2":{"loc":{"start":{"line":96,"column":13},"end":{"line":115,"column":20}},"type":"cond-expr","locations":[{"start":{"line":97,"column":13},"end":{"line":109,"column":25}},{"start":{"line":111,"column":13},"end":{"line":115,"column":19}}],"line":96},"3":{"loc":{"start":{"line":96,"column":14},"end":{"line":96,"column":37}},"type":"binary-expr","locations":[{"start":{"line":96,"column":14},"end":{"line":96,"column":22}},{"start":{"line":96,"column":26},"end":{"line":96,"column":37}}],"line":96},"4":{"loc":{"start":{"line":98,"column":14},"end":{"line":107,"column":23}},"type":"cond-expr","locations":[{"start":{"line":99,"column":16},"end":{"line":103,"column":18}},{"start":{"line":105,"column":16},"end":{"line":107,"column":23}}],"line":98}},"s":{"0":2,"1":2,"2":2,"3":2,"4":2,"5":2,"6":2,"7":2,"8":0,"9":2,"10":1,"11":1,"12":1,"13":1,"14":1,"15":0,"16":0,"17":0,"18":1,"19":1,"20":2,"21":0,"22":2,"23":2},"f":{"0":2,"1":2,"2":0,"3":1,"4":0,"5":2},"b":{"0":[1,0],"1":[1,1],"2":[1,1],"3":[2,2],"4":[1,0]},"_coverageSchema":"1a1c01bbd47fc00a2c39e90264f33305004495a9","hash":"e182f5161ddf209c36e1e5c98fec7d64ad0dcaa0"}
,"/Users/vinhtran/Desktop/junior/fall/SWE/f23-adventurista/frontend/Shared/GetAge.js": {"path":"/Users/vinhtran/Desktop/junior/fall/SWE/f23-adventurista/frontend/Shared/GetAge.js","statementMap":{"0":{"start":{"line":1,"column":15},"end":{"line":1,"column":100}},"1":{"start":{"line":1,"column":30},"end":{"line":1,"column":100}}},"fnMap":{"0":{"name":"(anonymous_0)","decl":{"start":{"line":1,"column":15},"end":{"line":1,"column":16}},"loc":{"start":{"line":1,"column":30},"end":{"line":1,"column":100}},"line":1}},"branchMap":{},"s":{"0":8,"1":19},"f":{"0":19},"b":{},"_coverageSchema":"1a1c01bbd47fc00a2c39e90264f33305004495a9","hash":"bcf3235c5de2781e9518ad0d8a9718a676aefec2"}
}
