TN:
SF:App.js
FN:14,App
FNF:1
FNH:0
FNDA:0,App
DA:12,0
DA:15,0
DA:24,0
LF:3
LH:0
BRF:0
BRH:0
end_of_record
TN:
SF:Navigators/AuthenticationNavigator.js
FN:11,(anonymous_0)
FN:39,AuthenticationNavigator
FNF:2
FNH:2
FNDA:2,(anonymous_0)
FNDA:2,AuthenticationNavigator
DA:9,2
DA:11,2
DA:12,2
DA:40,2
LF:4
LH:4
BRF:0
BRH:0
end_of_record
TN:
SF:Navigators/CalendarNavigator.js
FN:10,(anonymous_0)
FN:38,CalendarNavigator
FNF:2
FNH:2
FNDA:2,(anonymous_0)
FNDA:2,CalendarNavigator
DA:8,1
DA:10,1
DA:11,2
DA:39,2
LF:4
LH:4
BRF:0
BRH:0
end_of_record
TN:
SF:Navigators/FeedNavigator.js
FN:12,(anonymous_0)
FN:54,FeedNavigator
FNF:2
FNH:2
FNDA:3,(anonymous_0)
FNDA:3,FeedNavigator
DA:10,1
DA:12,1
DA:13,3
DA:55,3
LF:4
LH:4
BRF:0
BRH:0
end_of_record
TN:
SF:Navigators/MainNavigator.js
FN:19,(anonymous_0)
FN:25,(anonymous_1)
FN:59,(anonymous_2)
FN:69,(anonymous_3)
FN:79,(anonymous_4)
FN:90,(anonymous_5)
FN:100,(anonymous_6)
FNF:7
FNH:1
FNDA:1,(anonymous_0)
FNDA:0,(anonymous_1)
FNDA:0,(anonymous_2)
FNDA:0,(anonymous_3)
FNDA:0,(anonymous_4)
FNDA:0,(anonymous_5)
FNDA:0,(anonymous_6)
DA:17,1
DA:19,1
DA:21,1
DA:22,1
DA:23,1
DA:25,1
DA:27,0
DA:28,0
DA:32,0
DA:33,0
DA:38,0
DA:44,1
DA:45,1
DA:60,0
DA:70,0
DA:81,0
DA:91,0
DA:101,0
DA:109,0
LF:19
LH:8
BRDA:27,0,0,0
BRDA:27,0,1,0
BRDA:32,1,0,0
BRDA:32,1,1,0
BRDA:44,2,0,1
BRDA:44,2,1,0
BRF:6
BRH:1
end_of_record
TN:
SF:Navigators/PostNavigator.js
FN:8,(anonymous_0)
FN:22,PostNavigator
FNF:2
FNH:2
FNDA:2,(anonymous_0)
FNDA:2,PostNavigator
DA:6,1
DA:8,1
DA:9,2
DA:23,2
LF:4
LH:4
BRF:0
BRH:0
end_of_record
TN:
SF:Navigators/ProfileNavigator.js
FN:12,(anonymous_0)
FN:54,ProfileNavigator
FNF:2
FNH:2
FNDA:2,(anonymous_0)
FNDA:2,ProfileNavigator
DA:10,1
DA:12,1
DA:13,2
DA:55,2
LF:4
LH:4
BRF:0
BRH:0
end_of_record
TN:
SF:Navigators/SavedEventsNavigator.js
FN:11,(anonymous_0)
FN:46,SavedEventsNavigator
FNF:2
FNH:2
FNDA:2,(anonymous_0)
FNDA:2,SavedEventsNavigator
DA:9,1
DA:11,1
DA:12,2
DA:47,2
LF:4
LH:4
BRF:0
BRH:0
end_of_record
TN:
SF:Redux/constants.js
FNF:0
FNH:0
DA:1,23
DA:2,23
DA:3,23
LF:3
LH:3
BRF:0
BRH:0
end_of_record
TN:
SF:Redux/store.js
FNF:0
FNH:0
DA:5,0
DA:9,0
LF:2
LH:0
BRF:0
BRH:0
end_of_record
TN:
SF:Redux/userSlice.js
FN:4,(anonymous_0)
FN:11,(anonymous_1)
FN:18,(anonymous_2)
FN:49,(anonymous_3)
FN:90,(anonymous_4)
FN:91,(anonymous_5)
FN:92,(anonymous_6)
FNF:7
FNH:5
FNDA:5,(anonymous_0)
FNDA:1,(anonymous_1)
FNDA:1,(anonymous_2)
FNDA:3,(anonymous_3)
FNDA:0,(anonymous_4)
FNDA:13,(anonymous_5)
FNDA:0,(anonymous_6)
DA:4,23
DA:5,5
DA:11,23
DA:12,1
DA:18,23
DA:19,1
DA:25,23
DA:49,23
DA:50,3
DA:52,1
DA:77,1
DA:80,1
DA:85,0
DA:90,23
DA:91,23
DA:92,23
LF:16
LH:15
BRDA:49,0,0,0
BRDA:50,1,0,1
BRDA:50,1,1,1
BRDA:50,1,2,1
BRDA:90,2,0,0
BRDA:90,2,1,0
BRDA:92,3,0,0
BRDA:92,3,1,0
BRF:8
BRH:3
end_of_record
TN:
SF:Screens/Authenticate/Login/Login.js
FN:9,(anonymous_0)
FN:20,(anonymous_1)
FN:22,(anonymous_2)
FN:34,(anonymous_3)
FN:39,(anonymous_4)
FN:88,(anonymous_5)
FN:92,(anonymous_6)
FN:99,(anonymous_7)
FNF:8
FNH:7
FNDA:12,(anonymous_0)
FNDA:5,(anonymous_1)
FNDA:5,(anonymous_2)
FNDA:0,(anonymous_3)
FNDA:2,(anonymous_4)
FNDA:1,(anonymous_5)
FNDA:1,(anonymous_6)
FNDA:1,(anonymous_7)
DA:9,2
DA:11,12
DA:12,12
DA:14,12
DA:15,12
DA:16,12
DA:17,12
DA:20,12
DA:21,5
DA:24,5
DA:26,5
DA:35,0
DA:39,12
DA:40,2
DA:41,2
DA:45,1
DA:46,1
DA:48,1
DA:71,1
DA:73,0
DA:76,1
DA:77,1
DA:81,12
DA:88,1
DA:92,1
DA:99,1
DA:106,2
LF:27
LH:25
BRDA:45,0,0,1
BRDA:45,0,1,0
BRF:2
BRH:1
end_of_record
TN:
SF:Screens/Authenticate/Signup/Signup.js
FN:5,(anonymous_0)
FN:14,(anonymous_1)
FN:42,(anonymous_2)
FN:46,(anonymous_3)
FN:50,(anonymous_4)
FN:54,(anonymous_5)
FN:61,(anonymous_6)
FNF:7
FNH:7
FNDA:9,(anonymous_0)
FNDA:2,(anonymous_1)
FNDA:1,(anonymous_2)
FNDA:1,(anonymous_3)
FNDA:1,(anonymous_4)
FNDA:1,(anonymous_5)
FNDA:1,(anonymous_6)
DA:5,2
DA:7,9
DA:9,9
DA:10,9
DA:11,9
DA:12,9
DA:14,9
DA:15,2
DA:16,2
DA:22,1
DA:23,1
DA:24,1
DA:25,1
DA:27,0
DA:30,1
DA:31,1
DA:35,9
DA:42,1
DA:46,1
DA:50,1
DA:54,1
DA:61,1
DA:68,2
LF:23
LH:22
BRDA:22,0,0,1
BRDA:22,0,1,0
BRF:2
BRH:1
end_of_record
TN:
SF:Screens/Authenticate/Signup/Step2.js
FN:11,(anonymous_0)
FN:28,(anonymous_1)
FN:30,(anonymous_2)
FN:40,(anonymous_3)
FN:45,(anonymous_4)
FN:88,(anonymous_5)
FN:102,(anonymous_6)
FN:106,(anonymous_7)
FN:112,(anonymous_8)
FN:119,(anonymous_9)
FN:125,(anonymous_10)
FNF:11
FNH:10
FNDA:24,(anonymous_0)
FNDA:6,(anonymous_1)
FNDA:6,(anonymous_2)
FNDA:0,(anonymous_3)
FNDA:2,(anonymous_4)
FNDA:4,(anonymous_5)
FNDA:1,(anonymous_6)
FNDA:1,(anonymous_7)
FNDA:5,(anonymous_8)
FNDA:11,(anonymous_9)
FNDA:1,(anonymous_10)
DA:11,2
DA:13,24
DA:14,24
DA:17,24
DA:19,24
DA:20,24
DA:21,24
DA:22,24
DA:23,24
DA:25,24
DA:28,24
DA:29,6
DA:31,6
DA:33,6
DA:41,0
DA:45,24
DA:46,2
DA:47,2
DA:53,0
DA:54,0
DA:55,0
DA:78,0
DA:80,0
DA:83,2
DA:84,2
DA:88,24
DA:89,4
DA:90,4
DA:91,4
DA:92,4
DA:95,24
DA:102,1
DA:106,1
DA:112,5
DA:120,11
DA:125,1
DA:140,2
LF:37
LH:31
BRDA:53,0,0,0
BRDA:53,0,1,0
BRDA:109,1,0,1
BRDA:109,1,1,23
BRDA:110,2,0,24
BRDA:110,2,1,23
BRDA:119,3,0,24
BRDA:119,3,1,7
BRDA:124,4,0,24
BRDA:124,4,1,1
BRDA:131,5,0,1
BRDA:131,5,1,23
BRF:12
BRH:10
end_of_record
TN:
SF:Screens/Calendar/Calendar.js
FN:10,(anonymous_0)
FN:18,(anonymous_1)
FN:20,(anonymous_2)
FN:24,(anonymous_3)
FN:39,(anonymous_4)
FNF:5
FNH:4
FNDA:4,(anonymous_0)
FNDA:2,(anonymous_1)
FNDA:2,(anonymous_2)
FNDA:0,(anonymous_3)
FNDA:1,(anonymous_4)
DA:10,1
DA:12,4
DA:14,4
DA:16,4
DA:18,4
DA:19,2
DA:21,2
DA:25,0
DA:26,0
DA:30,4
DA:40,1
DA:55,1
LF:12
LH:10
BRDA:28,0,0,4
BRDA:28,0,1,0
BRDA:37,1,0,4
BRDA:37,1,1,1
BRDA:38,2,0,1
BRDA:38,2,1,3
BRF:6
BRH:5
end_of_record
TN:
SF:Screens/Feed/Feed.js
FN:10,(anonymous_0)
FN:19,(anonymous_1)
FN:21,(anonymous_2)
FN:26,(anonymous_3)
FN:38,(anonymous_4)
FN:51,(anonymous_5)
FNF:6
FNH:0
FNDA:0,(anonymous_0)
FNDA:0,(anonymous_1)
FNDA:0,(anonymous_2)
FNDA:0,(anonymous_3)
FNDA:0,(anonymous_4)
FNDA:0,(anonymous_5)
DA:10,1
DA:11,0
DA:12,0
DA:13,0
DA:14,0
DA:16,0
DA:19,0
DA:20,0
DA:22,0
DA:23,0
DA:27,0
DA:31,0
DA:39,0
DA:51,0
DA:58,1
LF:15
LH:2
BRDA:29,0,0,0
BRDA:29,0,1,0
BRDA:35,1,0,0
BRDA:35,1,1,0
BRF:4
BRH:0
end_of_record
TN:
SF:Screens/Feed/FeedFixedTop.js
FN:8,(anonymous_0)
FN:17,(anonymous_1)
FN:21,(anonymous_2)
FN:61,(anonymous_3)
FN:86,(anonymous_4)
FNF:5
FNH:4
FNDA:5,(anonymous_0)
FNDA:2,(anonymous_1)
FNDA:1,(anonymous_2)
FNDA:0,(anonymous_3)
FNDA:1,(anonymous_4)
DA:8,2
DA:10,5
DA:11,5
DA:12,5
DA:14,5
DA:15,5
DA:17,5
DA:18,2
DA:21,5
DA:22,1
DA:23,1
DA:33,0
DA:34,0
DA:38,0
DA:39,0
DA:44,0
DA:45,0
DA:47,0
DA:50,1
DA:51,1
DA:56,5
DA:61,0
DA:86,1
DA:118,2
LF:24
LH:16
BRDA:33,0,0,0
BRDA:33,0,1,0
BRDA:64,1,0,5
BRDA:64,1,1,0
BRDA:64,2,0,5
BRDA:64,2,1,5
BRDA:66,3,0,0
BRDA:66,3,1,0
BRDA:75,4,0,2
BRDA:75,4,1,3
BRDA:78,5,0,2
BRDA:78,5,1,2
BRDA:99,6,0,5
BRDA:99,6,1,3
BRF:14
BRH:9
end_of_record
TN:
SF:Screens/Feed/Post.js
FN:14,(anonymous_0)
FN:28,(anonymous_1)
FN:34,(anonymous_2)
FN:40,(anonymous_3)
FN:43,(anonymous_4)
FN:47,(anonymous_5)
FN:53,(anonymous_6)
FN:55,(anonymous_7)
FN:65,(anonymous_8)
FN:75,(anonymous_9)
FN:78,(anonymous_10)
FNF:11
FNH:0
FNDA:0,(anonymous_0)
FNDA:0,(anonymous_1)
FNDA:0,(anonymous_2)
FNDA:0,(anonymous_3)
FNDA:0,(anonymous_4)
FNDA:0,(anonymous_5)
FNDA:0,(anonymous_6)
FNDA:0,(anonymous_7)
FNDA:0,(anonymous_8)
FNDA:0,(anonymous_9)
FNDA:0,(anonymous_10)
DA:14,2
DA:16,0
DA:18,0
DA:19,0
DA:20,0
DA:21,0
DA:22,0
DA:23,0
DA:24,0
DA:25,0
DA:26,0
DA:28,0
DA:29,0
DA:30,0
DA:34,0
DA:35,0
DA:36,0
DA:40,0
DA:42,0
DA:44,0
DA:45,0
DA:48,0
DA:49,0
DA:52,0
DA:54,0
DA:55,0
DA:57,0
DA:59,0
DA:60,0
DA:62,0
DA:66,0
DA:70,0
DA:75,0
DA:79,0
DA:129,2
LF:35
LH:2
BRDA:29,0,0,0
BRDA:29,0,1,0
BRDA:35,1,0,0
BRDA:35,1,1,0
BRDA:59,2,0,0
BRDA:59,2,1,0
BRDA:68,3,0,0
BRDA:68,3,1,0
BRDA:68,4,0,0
BRDA:68,4,1,0
BRDA:68,5,0,0
BRDA:68,5,1,0
BRDA:80,6,0,0
BRDA:80,6,1,0
BRF:14
BRH:0
end_of_record
TN:
SF:Screens/Feed/PostBottom.js
FN:11,(anonymous_0)
FN:24,(anonymous_1)
FN:51,(anonymous_2)
FN:80,(anonymous_3)
FNF:4
FNH:4
FNDA:7,(anonymous_0)
FNDA:2,(anonymous_1)
FNDA:2,(anonymous_2)
FNDA:21,(anonymous_3)
DA:11,3
DA:13,7
DA:15,7
DA:16,7
DA:18,7
DA:19,7
DA:21,7
DA:22,7
DA:24,7
DA:25,2
DA:26,2
DA:30,1
DA:31,1
DA:32,1
DA:35,1
DA:41,1
DA:43,0
DA:46,1
DA:47,1
DA:51,7
DA:52,2
DA:53,2
DA:54,1
DA:56,1
DA:57,1
DA:60,1
DA:66,1
DA:68,0
DA:71,1
DA:72,1
DA:76,7
DA:81,21
DA:115,3
LF:33
LH:31
BRDA:30,0,0,1
BRDA:30,0,1,0
BRDA:54,1,0,1
BRDA:54,1,1,0
BRDA:87,2,0,6
BRDA:87,2,1,1
BRDA:96,3,0,6
BRDA:96,3,1,1
BRF:8
BRH:6
end_of_record
TN:
SF:Screens/Feed/PostTop.js
FN:5,(anonymous_0)
FN:10,(anonymous_1)
FNF:2
FNH:2
FNDA:2,(anonymous_0)
FNDA:1,(anonymous_1)
DA:5,3
DA:7,2
DA:10,2
DA:11,1
DA:14,2
DA:48,3
LF:6
LH:6
BRF:0
BRH:0
end_of_record
TN:
SF:Screens/Feed/UserBottom.js
FN:10,(anonymous_0)
FN:19,(anonymous_1)
FN:20,(anonymous_2)
FN:21,(anonymous_3)
FN:23,(anonymous_4)
FN:25,(anonymous_5)
FN:30,(anonymous_6)
FN:37,(anonymous_7)
FNF:8
FNH:6
FNDA:3,(anonymous_0)
FNDA:0,(anonymous_1)
FNDA:3,(anonymous_2)
FNDA:3,(anonymous_3)
FNDA:1,(anonymous_4)
FNDA:1,(anonymous_5)
FNDA:0,(anonymous_6)
FNDA:1,(anonymous_7)
DA:10,3
DA:12,3
DA:13,3
DA:14,3
DA:15,3
DA:16,3
DA:17,3
DA:18,3
DA:19,3
DA:20,3
DA:21,3
DA:23,3
DA:24,1
DA:26,1
DA:27,1
DA:31,0
DA:32,0
DA:37,3
DA:38,1
DA:39,1
DA:44,1
DA:45,0
DA:47,0
DA:50,0
DA:56,0
DA:59,0
DA:63,1
DA:64,1
DA:68,3
DA:110,3
LF:30
LH:23
BRDA:19,0,0,3
BRDA:19,0,1,3
BRDA:19,1,0,0
BRDA:19,1,1,0
BRDA:44,2,0,0
BRDA:44,2,1,0
BRDA:77,3,0,3
BRDA:77,3,1,0
BRDA:78,4,0,0
BRDA:78,4,1,3
BRDA:103,5,0,3
BRDA:103,5,1,1
BRDA:103,6,0,3
BRDA:103,6,1,3
BRF:14
BRH:8
end_of_record
TN:
SF:Screens/Feed/UserTop.js
FN:10,(anonymous_0)
FN:19,(anonymous_1)
FN:23,(anonymous_2)
FN:25,(anonymous_3)
FN:29,(anonymous_4)
FN:34,(anonymous_5)
FN:37,(anonymous_6)
FN:56,(anonymous_7)
FNF:8
FNH:5
FNDA:5,(anonymous_0)
FNDA:0,(anonymous_1)
FNDA:2,(anonymous_2)
FNDA:2,(anonymous_3)
FNDA:2,(anonymous_4)
FNDA:2,(anonymous_5)
FNDA:0,(anonymous_6)
FNDA:0,(anonymous_7)
DA:10,3
DA:12,5
DA:13,4
DA:14,4
DA:15,4
DA:16,2
DA:17,2
DA:19,2
DA:20,0
DA:23,2
DA:24,2
DA:26,2
DA:30,2
DA:31,2
DA:33,2
DA:35,2
DA:38,0
DA:39,0
DA:43,2
DA:57,0
DA:67,3
LF:21
LH:17
BRDA:53,0,0,2
BRDA:53,0,1,2
BRDA:56,1,0,2
BRDA:56,1,1,0
BRF:4
BRH:3
end_of_record
TN:
SF:Screens/Feed/Notifications/FollowRequest.js
FN:9,(anonymous_0)
FN:18,(anonymous_1)
FN:21,(anonymous_2)
FN:25,(anonymous_3)
FN:34,(anonymous_4)
FN:63,(anonymous_5)
FNF:6
FNH:6
FNDA:11,(anonymous_0)
FNDA:8,(anonymous_1)
FNDA:4,(anonymous_2)
FNDA:2,(anonymous_3)
FNDA:1,(anonymous_4)
FNDA:1,(anonymous_5)
DA:9,2
DA:11,11
DA:12,11
DA:13,11
DA:14,11
DA:15,11
DA:16,11
DA:18,11
DA:20,8
DA:22,4
DA:26,2
DA:34,11
DA:35,1
DA:36,1
DA:41,0
DA:42,0
DA:45,0
DA:51,0
DA:54,0
DA:58,1
DA:59,1
DA:63,11
DA:64,1
DA:65,1
DA:70,0
DA:71,0
DA:74,0
DA:81,0
DA:83,0
DA:87,1
DA:88,1
DA:92,11
DA:110,2
LF:33
LH:23
BRDA:29,0,0,11
BRDA:29,0,1,11
BRDA:41,1,0,0
BRDA:41,1,1,0
BRDA:70,2,0,0
BRDA:70,2,1,0
BRF:6
BRH:2
end_of_record
TN:
SF:Screens/Feed/Notifications/Notifications.js
FN:10,(anonymous_0)
FN:18,(anonymous_1)
FN:24,(anonymous_2)
FNF:3
FNH:3
FNDA:2,(anonymous_0)
FNDA:1,(anonymous_1)
FNDA:4,(anonymous_2)
DA:10,1
DA:12,2
DA:15,2
DA:18,1
DA:25,4
DA:32,1
LF:6
LH:6
BRF:0
BRH:0
end_of_record
TN:
SF:Screens/Post/Post.js
FN:14,(anonymous_0)
FN:80,(anonymous_1)
FN:109,(anonymous_2)
FN:113,(anonymous_3)
FN:117,(anonymous_4)
FN:121,(anonymous_5)
FN:125,(anonymous_6)
FN:129,(anonymous_7)
FN:131,(anonymous_8)
FN:131,(anonymous_9)
FN:133,(anonymous_10)
FN:138,(anonymous_11)
FN:152,(anonymous_12)
FN:184,(anonymous_13)
FN:185,(anonymous_14)
FN:188,(anonymous_15)
FN:211,(anonymous_16)
FN:284,(anonymous_17)
FN:295,(anonymous_18)
FN:320,(anonymous_19)
FN:339,(anonymous_20)
FN:346,(anonymous_21)
FNF:22
FNH:0
FNDA:0,(anonymous_0)
FNDA:0,(anonymous_1)
FNDA:0,(anonymous_2)
FNDA:0,(anonymous_3)
FNDA:0,(anonymous_4)
FNDA:0,(anonymous_5)
FNDA:0,(anonymous_6)
FNDA:0,(anonymous_7)
FNDA:0,(anonymous_8)
FNDA:0,(anonymous_9)
FNDA:0,(anonymous_10)
FNDA:0,(anonymous_11)
FNDA:0,(anonymous_12)
FNDA:0,(anonymous_13)
FNDA:0,(anonymous_14)
FNDA:0,(anonymous_15)
FNDA:0,(anonymous_16)
FNDA:0,(anonymous_17)
FNDA:0,(anonymous_18)
FNDA:0,(anonymous_19)
FNDA:0,(anonymous_20)
FNDA:0,(anonymous_21)
DA:14,0
DA:16,0
DA:18,0
DA:19,0
DA:21,0
DA:22,0
DA:23,0
DA:24,0
DA:25,0
DA:26,0
DA:27,0
DA:28,0
DA:29,0
DA:30,0
DA:32,0
DA:38,0
DA:44,0
DA:50,0
DA:51,0
DA:52,0
DA:53,0
DA:80,0
DA:81,0
DA:83,0
DA:84,0
DA:85,0
DA:88,0
DA:94,0
DA:95,0
DA:96,0
DA:99,0
DA:101,0
DA:102,0
DA:103,0
DA:104,0
DA:109,0
DA:110,0
DA:113,0
DA:114,0
DA:117,0
DA:118,0
DA:121,0
DA:122,0
DA:125,0
DA:126,0
DA:129,0
DA:130,0
DA:131,0
DA:132,0
DA:133,0
DA:138,0
DA:139,0
DA:140,0
DA:141,0
DA:142,0
DA:143,0
DA:144,0
DA:145,0
DA:146,0
DA:147,0
DA:148,0
DA:152,0
DA:154,0
DA:155,0
DA:165,0
DA:166,0
DA:167,0
DA:170,0
DA:171,0
DA:172,0
DA:173,0
DA:174,0
DA:177,0
DA:183,0
DA:184,0
DA:185,0
DA:187,0
DA:190,0
DA:191,0
DA:192,0
DA:201,0
DA:202,0
DA:204,0
DA:207,0
DA:208,0
DA:212,0
DA:213,0
DA:216,0
DA:220,0
DA:221,0
DA:225,0
DA:226,0
DA:227,0
DA:229,0
DA:232,0
DA:233,0
DA:237,0
DA:284,0
DA:295,0
DA:320,0
DA:339,0
DA:346,0
DA:360,0
DA:371,0
LF:104
LH:0
BRDA:83,0,0,0
BRDA:83,0,1,0
BRDA:94,1,0,0
BRDA:94,1,1,0
BRDA:101,2,0,0
BRDA:101,2,1,0
BRDA:101,3,0,0
BRDA:101,3,1,0
BRDA:130,4,0,0
BRDA:130,4,1,0
BRDA:132,5,0,0
BRDA:132,5,1,0
BRDA:165,6,0,0
BRDA:165,6,1,0
BRDA:172,7,0,0
BRDA:172,7,1,0
BRDA:172,8,0,0
BRDA:172,8,1,0
BRDA:201,9,0,0
BRDA:201,9,1,0
BRDA:269,10,0,0
BRDA:269,10,1,0
BRDA:330,11,0,0
BRDA:330,11,1,0
BRDA:331,12,0,0
BRDA:331,12,1,0
BRDA:336,13,0,0
BRDA:336,13,1,0
BRF:28
BRH:0
end_of_record
TN:
SF:Screens/Post/SelectDate.js
FN:5,(anonymous_0)
FN:7,(anonymous_1)
FN:17,(anonymous_2)
FN:22,(anonymous_3)
FNF:4
FNH:2
FNDA:2,(anonymous_0)
FNDA:0,(anonymous_1)
FNDA:0,(anonymous_2)
FNDA:2,(anonymous_3)
DA:5,1
DA:7,2
DA:8,0
DA:11,2
DA:18,0
DA:23,2
DA:32,1
LF:7
LH:5
BRDA:23,0,0,0
BRDA:23,0,1,2
BRF:2
BRH:1
end_of_record
TN:
SF:Screens/Post/Tags.js
FN:5,(anonymous_0)
FN:8,(anonymous_1)
FN:13,(anonymous_2)
FNF:3
FNH:3
FNDA:2,(anonymous_0)
FNDA:6,(anonymous_1)
FNDA:1,(anonymous_2)
DA:5,1
DA:6,2
DA:9,6
DA:10,6
DA:13,1
DA:25,1
LF:6
LH:6
BRF:0
BRH:0
end_of_record
TN:
SF:Screens/Profile/Bubble.js
FN:4,(anonymous_0)
FN:7,(anonymous_1)
FNF:2
FNH:2
FNDA:53,(anonymous_0)
FNDA:22,(anonymous_1)
DA:4,5
DA:5,53
DA:7,53
DA:8,22
DA:9,22
DA:12,53
DA:24,5
LF:7
LH:7
BRF:0
BRH:0
end_of_record
TN:
SF:Screens/Profile/EditProfile.js
FN:14,(anonymous_0)
FN:31,(anonymous_1)
FN:59,(anonymous_2)
FN:87,(anonymous_3)
FN:98,(anonymous_4)
FN:106,(anonymous_5)
FN:137,(anonymous_6)
FN:138,(anonymous_7)
FN:141,(anonymous_8)
FN:188,(anonymous_9)
FN:212,(anonymous_10)
FN:213,(anonymous_11)
FN:216,(anonymous_12)
FN:264,(anonymous_13)
FN:303,(anonymous_14)
FN:363,(anonymous_15)
FN:370,(anonymous_16)
FN:381,(anonymous_17)
FN:392,(anonymous_18)
FN:399,(anonymous_19)
FN:405,(anonymous_20)
FN:419,(anonymous_21)
FN:430,(anonymous_22)
FNF:23
FNH:0
FNDA:0,(anonymous_0)
FNDA:0,(anonymous_1)
FNDA:0,(anonymous_2)
FNDA:0,(anonymous_3)
FNDA:0,(anonymous_4)
FNDA:0,(anonymous_5)
FNDA:0,(anonymous_6)
FNDA:0,(anonymous_7)
FNDA:0,(anonymous_8)
FNDA:0,(anonymous_9)
FNDA:0,(anonymous_10)
FNDA:0,(anonymous_11)
FNDA:0,(anonymous_12)
FNDA:0,(anonymous_13)
FNDA:0,(anonymous_14)
FNDA:0,(anonymous_15)
FNDA:0,(anonymous_16)
FNDA:0,(anonymous_17)
FNDA:0,(anonymous_18)
FNDA:0,(anonymous_19)
FNDA:0,(anonymous_20)
FNDA:0,(anonymous_21)
FNDA:0,(anonymous_22)
DA:14,0
DA:16,0
DA:18,0
DA:19,0
DA:21,0
DA:22,0
DA:23,0
DA:24,0
DA:25,0
DA:26,0
DA:27,0
DA:28,0
DA:29,0
DA:31,0
DA:32,0
DA:34,0
DA:35,0
DA:36,0
DA:39,0
DA:45,0
DA:46,0
DA:47,0
DA:50,0
DA:52,0
DA:53,0
DA:54,0
DA:55,0
DA:59,0
DA:60,0
DA:62,0
DA:63,0
DA:64,0
DA:67,0
DA:73,0
DA:74,0
DA:75,0
DA:78,0
DA:80,0
DA:81,0
DA:82,0
DA:83,0
DA:87,0
DA:88,0
DA:89,0
DA:90,0
DA:91,0
DA:92,0
DA:93,0
DA:94,0
DA:95,0
DA:98,0
DA:99,0
DA:100,0
DA:101,0
DA:102,0
DA:106,0
DA:107,0
DA:108,0
DA:117,0
DA:118,0
DA:119,0
DA:120,0
DA:123,0
DA:124,0
DA:125,0
DA:126,0
DA:127,0
DA:130,0
DA:136,0
DA:137,0
DA:138,0
DA:140,0
DA:142,0
DA:143,0
DA:144,0
DA:167,0
DA:168,0
DA:169,0
DA:178,0
DA:179,0
DA:181,0
DA:184,0
DA:185,0
DA:189,0
DA:190,0
DA:193,0
DA:198,0
DA:199,0
DA:200,0
DA:201,0
DA:202,0
DA:205,0
DA:211,0
DA:212,0
DA:213,0
DA:215,0
DA:217,0
DA:218,0
DA:219,0
DA:242,0
DA:243,0
DA:244,0
DA:253,0
DA:254,0
DA:257,0
DA:260,0
DA:261,0
DA:265,0
DA:266,0
DA:269,0
DA:273,0
DA:281,0
DA:282,0
DA:284,0
DA:286,0
DA:289,0
DA:290,0
DA:294,0
DA:303,0
DA:363,0
DA:370,0
DA:381,0
DA:392,0
DA:400,0
DA:405,0
DA:419,0
DA:430,0
DA:442,0
DA:453,0
LF:129
LH:0
BRDA:34,0,0,0
BRDA:34,0,1,0
BRDA:45,1,0,0
BRDA:45,1,1,0
BRDA:52,2,0,0
BRDA:52,2,1,0
BRDA:52,3,0,0
BRDA:52,3,1,0
BRDA:62,4,0,0
BRDA:62,4,1,0
BRDA:73,5,0,0
BRDA:73,5,1,0
BRDA:80,6,0,0
BRDA:80,6,1,0
BRDA:80,7,0,0
BRDA:80,7,1,0
BRDA:117,8,0,0
BRDA:117,8,1,0
BRDA:125,9,0,0
BRDA:125,9,1,0
BRDA:125,10,0,0
BRDA:125,10,1,0
BRDA:143,11,0,0
BRDA:143,11,1,0
BRDA:161,12,0,0
BRDA:161,12,1,0
BRDA:162,13,0,0
BRDA:162,13,1,0
BRDA:178,14,0,0
BRDA:178,14,1,0
BRDA:200,15,0,0
BRDA:200,15,1,0
BRDA:200,16,0,0
BRDA:200,16,1,0
BRDA:218,17,0,0
BRDA:218,17,1,0
BRDA:236,18,0,0
BRDA:236,18,1,0
BRDA:237,19,0,0
BRDA:237,19,1,0
BRDA:253,20,0,0
BRDA:253,20,1,0
BRDA:275,21,0,0
BRDA:275,21,1,0
BRDA:276,22,0,0
BRDA:276,22,1,0
BRDA:389,23,0,0
BRDA:389,23,1,0
BRDA:390,24,0,0
BRDA:390,24,1,0
BRDA:399,25,0,0
BRDA:399,25,1,0
BRDA:404,26,0,0
BRDA:404,26,1,0
BRF:54
BRH:0
end_of_record
TN:
SF:Screens/Profile/FriendProfileView.js
FN:15,(anonymous_0)
FN:31,(anonymous_1)
FN:32,(anonymous_2)
FN:34,(anonymous_3)
FN:36,(anonymous_4)
FN:41,(anonymous_5)
FN:45,(anonymous_6)
FN:77,(anonymous_7)
FN:117,(anonymous_8)
FN:211,(anonymous_9)
FN:242,(anonymous_10)
FN:256,(anonymous_11)
FNF:12
FNH:5
FNDA:15,(anonymous_0)
FNDA:0,(anonymous_1)
FNDA:0,(anonymous_2)
FNDA:6,(anonymous_3)
FNDA:6,(anonymous_4)
FNDA:1,(anonymous_5)
FNDA:2,(anonymous_6)
FNDA:0,(anonymous_7)
FNDA:0,(anonymous_8)
FNDA:0,(anonymous_9)
FNDA:0,(anonymous_10)
FNDA:0,(anonymous_11)
DA:15,3
DA:16,15
DA:17,15
DA:18,15
DA:20,15
DA:21,15
DA:22,15
DA:23,15
DA:24,15
DA:27,15
DA:28,15
DA:29,15
DA:30,15
DA:31,15
DA:32,15
DA:33,15
DA:34,15
DA:36,15
DA:37,6
DA:38,6
DA:41,15
DA:42,1
DA:45,15
DA:46,2
DA:47,2
DA:52,2
DA:53,1
DA:55,1
DA:56,1
DA:59,1
DA:65,1
DA:68,0
DA:72,1
DA:73,1
DA:77,15
DA:78,0
DA:79,0
DA:84,0
DA:85,0
DA:87,0
DA:88,0
DA:89,0
DA:92,0
DA:98,0
DA:99,0
DA:100,0
DA:103,0
DA:107,0
DA:108,0
DA:112,15
DA:117,0
DA:212,0
DA:243,0
DA:257,0
DA:276,3
LF:55
LH:36
BRDA:27,0,0,15
BRDA:27,0,1,13
BRDA:28,1,0,15
BRDA:28,1,1,13
BRDA:29,2,0,15
BRDA:29,2,1,15
BRDA:31,3,0,15
BRDA:31,3,1,15
BRDA:32,4,0,15
BRDA:32,4,1,15
BRDA:33,5,0,0
BRDA:33,5,1,15
BRDA:33,6,0,2
BRDA:33,6,1,13
BRDA:52,7,0,1
BRDA:52,7,1,0
BRDA:84,8,0,0
BRDA:84,8,1,0
BRDA:124,9,0,15
BRDA:124,9,1,15
BRDA:141,10,0,0
BRDA:141,10,1,15
BRDA:170,11,0,15
BRDA:170,11,1,13
BRDA:171,12,0,15
BRDA:171,12,1,13
BRDA:186,13,0,15
BRDA:186,13,1,15
BRDA:186,13,2,15
BRDA:186,13,3,2
BRDA:187,14,0,0
BRDA:187,14,1,2
BRDA:191,15,0,15
BRDA:191,15,1,15
BRDA:191,15,2,13
BRDA:191,16,0,15
BRDA:191,16,1,15
BRDA:222,17,0,15
BRDA:222,17,1,0
BRDA:222,18,0,15
BRDA:222,18,1,15
BRDA:235,19,0,0
BRDA:235,19,1,0
BRDA:238,20,0,0
BRDA:238,20,1,0
BRDA:255,21,0,0
BRDA:255,21,1,0
BRDA:255,22,0,0
BRDA:255,22,1,0
BRF:49
BRH:34
end_of_record
TN:
SF:Screens/Profile/MyEvents.js
FN:11,(anonymous_0)
FN:17,(anonymous_1)
FN:19,(anonymous_2)
FN:23,(anonymous_3)
FNF:4
FNH:4
FNDA:3,(anonymous_0)
FNDA:2,(anonymous_1)
FNDA:1,(anonymous_2)
FNDA:1,(anonymous_3)
DA:11,5
DA:13,3
DA:14,3
DA:15,3
DA:17,3
DA:18,2
DA:20,1
DA:24,1
DA:25,1
DA:30,3
DA:37,5
LF:11
LH:11
BRDA:27,0,0,3
BRDA:27,0,1,0
BRDA:32,1,0,3
BRDA:32,1,1,1
BRF:4
BRH:3
end_of_record
TN:
SF:Screens/Profile/MyGroups.js
FN:8,(anonymous_0)
FN:14,(anonymous_1)
FN:16,(anonymous_2)
FN:20,(anonymous_3)
FNF:4
FNH:4
FNDA:4,(anonymous_0)
FNDA:3,(anonymous_1)
FNDA:2,(anonymous_2)
FNDA:1,(anonymous_3)
DA:8,4
DA:10,4
DA:12,4
DA:14,4
DA:15,3
DA:17,2
DA:21,1
DA:22,1
DA:26,4
DA:34,4
LF:10
LH:10
BRDA:24,0,0,4
BRDA:24,0,1,4
BRF:2
BRH:2
end_of_record
TN:
SF:Screens/Profile/ProfileUser.js
FN:13,(anonymous_0)
FN:19,(anonymous_1)
FN:21,(anonymous_2)
FN:25,(anonymous_3)
FN:30,(anonymous_4)
FN:83,(anonymous_5)
FN:103,(anonymous_6)
FNF:7
FNH:2
FNDA:2,(anonymous_0)
FNDA:0,(anonymous_1)
FNDA:0,(anonymous_2)
FNDA:0,(anonymous_3)
FNDA:1,(anonymous_4)
FNDA:0,(anonymous_5)
FNDA:0,(anonymous_6)
DA:13,1
DA:15,2
DA:16,2
DA:17,2
DA:18,2
DA:19,2
DA:21,2
DA:22,0
DA:25,2
DA:26,0
DA:27,0
DA:30,2
DA:31,1
DA:32,1
DA:35,2
DA:84,0
DA:104,0
DA:122,1
LF:18
LH:13
BRDA:19,0,0,2
BRDA:19,0,1,2
BRDA:63,1,0,2
BRDA:63,1,1,2
BRDA:64,2,0,2
BRDA:64,2,1,2
BRDA:83,3,0,2
BRDA:83,3,1,2
BRDA:102,4,0,0
BRDA:102,4,1,2
BRDA:102,5,0,2
BRDA:102,5,1,2
BRF:12
BRH:11
end_of_record
TN:
SF:Screens/SavedEvents/SavedEvents.js
FN:10,(anonymous_0)
FN:18,(anonymous_1)
FN:20,(anonymous_2)
FN:24,(anonymous_3)
FN:37,(anonymous_4)
FNF:5
FNH:4
FNDA:4,(anonymous_0)
FNDA:2,(anonymous_1)
FNDA:2,(anonymous_2)
FNDA:0,(anonymous_3)
FNDA:1,(anonymous_4)
DA:10,1
DA:12,4
DA:14,4
DA:16,4
DA:18,4
DA:19,2
DA:21,2
DA:25,0
DA:29,4
DA:38,1
DA:53,1
LF:11
LH:10
BRDA:27,0,0,4
BRDA:27,0,1,0
BRDA:36,1,0,1
BRDA:36,1,1,3
BRF:4
BRH:3
end_of_record
TN:
SF:Shared/AttendingUser.js
FN:8,(anonymous_0)
FN:17,(anonymous_1)
FN:18,(anonymous_2)
FN:20,(anonymous_3)
FN:22,(anonymous_4)
FN:26,(anonymous_5)
FN:32,(anonymous_6)
FN:36,(anonymous_7)
FNF:8
FNH:5
FNDA:4,(anonymous_0)
FNDA:2,(anonymous_1)
FNDA:2,(anonymous_2)
FNDA:1,(anonymous_3)
FNDA:1,(anonymous_4)
FNDA:0,(anonymous_5)
FNDA:0,(anonymous_6)
FNDA:0,(anonymous_7)
DA:8,3
DA:10,4
DA:11,4
DA:13,4
DA:14,4
DA:15,4
DA:16,4
DA:17,4
DA:18,2
DA:20,2
DA:21,1
DA:23,1
DA:27,0
DA:28,0
DA:32,2
DA:33,0
DA:36,2
DA:37,0
DA:38,0
DA:43,0
DA:44,0
DA:45,0
DA:46,0
DA:49,0
DA:55,0
DA:58,0
DA:62,0
DA:63,0
DA:67,2
DA:95,3
LF:30
LH:16
BRDA:43,0,0,0
BRDA:43,0,1,0
BRDA:72,1,0,2
BRDA:72,1,1,0
BRDA:72,2,0,2
BRDA:72,2,1,0
BRDA:72,2,2,0
BRDA:75,3,0,2
BRDA:75,3,1,2
BRDA:75,3,2,2
BRDA:75,3,3,2
BRDA:80,4,0,2
BRDA:80,4,1,0
BRDA:85,5,0,2
BRDA:85,5,1,2
BRDA:85,5,2,0
BRF:16
BRH:9
end_of_record
TN:
SF:Shared/BubbleText.js
FN:4,(anonymous_0)
FNF:1
FNH:1
FNDA:40,(anonymous_0)
DA:4,12
DA:5,40
DA:6,40
DA:8,40
DA:15,12
LF:5
LH:5
BRDA:9,0,0,40
BRDA:9,0,1,1
BRF:2
BRH:2
end_of_record
TN:
SF:Shared/EventCard.js
FN:9,(anonymous_0)
FN:16,(anonymous_1)
FN:18,(anonymous_2)
FN:21,(anonymous_3)
FN:33,(anonymous_4)
FNF:5
FNH:5
FNDA:9,(anonymous_0)
FNDA:5,(anonymous_1)
FNDA:4,(anonymous_2)
FNDA:1,(anonymous_3)
FNDA:1,(anonymous_4)
DA:9,10
DA:11,9
DA:12,9
DA:13,9
DA:14,9
DA:16,9
DA:17,5
DA:19,4
DA:22,1
DA:23,1
DA:27,9
DA:33,1
DA:64,10
LF:13
LH:13
BRDA:49,0,0,9
BRDA:49,0,1,4
BRF:2
BRH:2
end_of_record
TN:
SF:Shared/EventDetails.js
FN:9,(anonymous_0)
FN:15,(anonymous_1)
FN:17,(anonymous_2)
FN:21,(anonymous_3)
FN:50,(anonymous_4)
FN:99,(anonymous_5)
FNF:6
FNH:4
FNDA:2,(anonymous_0)
FNDA:2,(anonymous_1)
FNDA:0,(anonymous_2)
FNDA:1,(anonymous_3)
FNDA:0,(anonymous_4)
FNDA:2,(anonymous_5)
DA:9,2
DA:11,2
DA:12,2
DA:13,2
DA:14,2
DA:15,2
DA:17,2
DA:18,0
DA:21,2
DA:22,1
DA:23,1
DA:27,1
DA:28,1
DA:29,1
DA:31,0
DA:37,0
DA:39,0
DA:42,1
DA:43,1
DA:47,2
DA:50,0
DA:100,2
DA:123,2
LF:23
LH:18
BRDA:27,0,0,1
BRDA:27,0,1,0
BRDA:87,1,0,1
BRDA:87,1,1,1
BRDA:96,2,0,1
BRDA:96,2,1,1
BRDA:96,3,0,2
BRDA:96,3,1,2
BRDA:98,4,0,1
BRDA:98,4,1,0
BRF:10
BRH:8
end_of_record
TN:
SF:Shared/GetAge.js
FN:1,(anonymous_0)
FNF:1
FNH:1
FNDA:19,(anonymous_0)
DA:1,19
LF:1
LH:1
BRF:0
BRH:0
end_of_record
